#
# There is insufficient memory for the Java Runtime Environment to continue.
# Native memory allocation (mmap) failed to map 6258688 bytes for Failed to commit area from 0x0000024e218a0000 to 0x0000024e21e98000 of length 6258688.
# Possible reasons:
#   The system is out of physical RAM or swap space
#   The process is running with CompressedOops enabled, and the Java Heap may be blocking the growth of the native heap
# Possible solutions:
#   Reduce memory load on the system
#   Increase physical memory or swap space
#   Check if swap backing store is full
#   Decrease Java heap size (-Xmx/-Xms)
#   Decrease number of Java threads
#   Decrease Java thread stack sizes (-Xss)
#   Set larger code cache with -XX:ReservedCodeCacheSize=
# This output file may be truncated or incomplete.
#
#  Out of Memory Error (t:/workspace/open/src/hotspot/os/windows/os_windows.cpp:3254), pid=18984, tid=26444
#
# JRE version:  (12.0.1+12) (build )
# Java VM: Java HotSpot(TM) 64-Bit Server VM (12.0.1+12, mixed mode, aot, sharing, tiered, compressed oops, g1 gc, windows-amd64)
# No core dump will be written. Minidumps are not enabled by default on client versions of Windows
#

---------------  S U M M A R Y ------------

Command Line: -Dfile.encoding=UTF-8 com.khjxiaogu.factorio.composer.FactorioComposer

Host: Intel(R) Core(TM) i7-9750H CPU @ 2.60GHz, 12 cores, 23G,  Windows 10 , 64 bit Build 18362 (10.0.18362.959)
Time: Thu Jul 30 23:05:44 2020 ?D1¨²¡À¨º¡Á?¨º¡À?? elapsed time: 0 seconds (0d 0h 0m 0s)

---------------  T H R E A D  ---------------

Current thread (0x0000024e7fcb8800):  JavaThread "Unknown thread" [_thread_in_vm, id=26444, stack(0x000000b449d00000,0x000000b449e00000)]

Stack: [0x000000b449d00000,0x000000b449e00000]
Native frames: (J=compiled Java code, j=interpreted, Vv=VM code, C=native code)
V  [jvm.dll+0x63948a]
V  [jvm.dll+0x78b31f]
V  [jvm.dll+0x78c9c1]
V  [jvm.dll+0x78d013]
V  [jvm.dll+0x262138]
V  [jvm.dll+0x63698a]
V  [jvm.dll+0x62b505]
V  [jvm.dll+0x31d9bc]
V  [jvm.dll+0x31d7ef]
V  [jvm.dll+0x323526]
V  [jvm.dll+0x370f9f]
V  [jvm.dll+0x370750]
V  [jvm.dll+0x2f786a]
V  [jvm.dll+0x2f8af2]
V  [jvm.dll+0x7657b7]
V  [jvm.dll+0x766e95]
V  [jvm.dll+0x37f089]
V  [jvm.dll+0x749b14]
V  [jvm.dll+0x3ee48d]
V  [jvm.dll+0x3f03c1]
C  [jli.dll+0x51cf]
C  [ucrtbase.dll+0x20e82]
C  [KERNEL32.DLL+0x17bd4]
C  [ntdll.dll+0x6ce51]


---------------  P R O C E S S  ---------------

Threads class SMR info:
_java_thread_list=0x00007ffdd53f48e8, length=0, elements={
}

Java Threads: ( => current thread )

Other Threads:
  0x0000024e7fd40800 GCTaskThread "GC Thread#0" [stack: 0x000000b449e00000,0x000000b449f00000] [id=18144]
  0x0000024e7fd67000 ConcurrentGCThread "G1 Main Marker" [stack: 0x000000b449f00000,0x000000b44a000000] [id=9328]
  0x0000024e7fd6a800 ConcurrentGCThread "G1 Conc#0" [stack: 0x000000b44a000000,0x000000b44a100000] [id=32228]

[error occurred during error reporting (printing all threads), id 0xc0000005, EXCEPTION_ACCESS_VIOLATION (0xc0000005) at pc=0x00007ffdd4c27a37]

VM state:not at safepoint (not fully initialized)

VM Mutex/Monitor currently owned by a thread:  ([mutex/lock_event])
[0x0000024e7fcb3560] Heap_lock - owner thread: 0x0000024e7fcb8800

Heap address: 0x0000000682600000, size: 6106 MB, Compressed Oops mode: Non-zero based: 0x0000000682600000
Narrow klass base: 0x0000000000000000, Narrow klass shift: 0

GC Heap History (0 events):
No events

Deoptimization events (0 events):
No events

Classes redefined (0 events):
No events

Internal exceptions (0 events):
No events

Events (0 events):
No events


Dynamic libraries:
0x00007ff60ddf0000 - 0x00007ff60ddff000 	C:\Program Files\Java\jdk-12.0.1\bin\javaw.exe
0x00007ffe55360000 - 0x00007ffe55550000 	C:\windows\SYSTEM32\ntdll.dll
0x00007ffe546f0000 - 0x00007ffe547a2000 	C:\windows\System32\KERNEL32.DLL
0x00007ffe52e70000 - 0x00007ffe53114000 	C:\windows\System32\KERNELBASE.dll
0x00007ffe532e0000 - 0x00007ffe533da000 	C:\windows\System32\ucrtbase.dll
0x00007ffe27e80000 - 0x00007ffe27e98000 	C:\Program Files\Java\jdk-12.0.1\bin\jli.dll
0x00007ffe280f0000 - 0x00007ffe28106000 	C:\Program Files\Java\jdk-12.0.1\bin\VCRUNTIME140.dll
0x00007ffe54330000 - 0x00007ffe543d3000 	C:\windows\System32\ADVAPI32.dll
0x00007ffe55280000 - 0x00007ffe5531e000 	C:\windows\System32\msvcrt.dll
0x00007ffe55050000 - 0x00007ffe550e7000 	C:\windows\System32\sechost.dll
0x00007ffe54dc0000 - 0x00007ffe54ee0000 	C:\windows\System32\RPCRT4.dll
0x00007ffe54c10000 - 0x00007ffe54da4000 	C:\windows\System32\USER32.dll
0x00007ffe533e0000 - 0x00007ffe53401000 	C:\windows\System32\win32u.dll
0x00007ffe3a800000 - 0x00007ffe3aa84000 	C:\windows\WinSxS\amd64_microsoft.windows.common-controls_6595b64144ccf1df_6.0.18362.959_none_e6c7bbbf130c62bb\COMCTL32.dll
0x00007ffe54ad0000 - 0x00007ffe54af6000 	C:\windows\System32\GDI32.dll
0x00007ffe53410000 - 0x00007ffe53745000 	C:\windows\System32\combase.dll
0x00007ffe53120000 - 0x00007ffe532b6000 	C:\windows\System32\gdi32full.dll
0x00007ffe52af0000 - 0x00007ffe52b8e000 	C:\windows\System32\msvcp_win.dll
0x00007ffe52a70000 - 0x00007ffe52af0000 	C:\windows\System32\bcryptPrimitives.dll
0x00007ffe497e0000 - 0x00007ffe497ea000 	C:\windows\SYSTEM32\VERSION.dll
0x00007ffe55020000 - 0x00007ffe5504e000 	C:\windows\System32\IMM32.DLL
0x00007ffe0c000000 - 0x00007ffe0c0aa000 	C:\Program Files\Java\jdk-12.0.1\bin\msvcp140.dll
0x00007ffdd4920000 - 0x00007ffdd5494000 	C:\Program Files\Java\jdk-12.0.1\bin\server\jvm.dll
0x00007ffe54ac0000 - 0x00007ffe54ac8000 	C:\windows\System32\PSAPI.DLL
0x00007ffe4ead0000 - 0x00007ffe4eaf4000 	C:\windows\SYSTEM32\WINMM.dll
0x00007ffe3b010000 - 0x00007ffe3b019000 	C:\windows\SYSTEM32\WSOCK32.dll
0x00007ffe54fb0000 - 0x00007ffe5501f000 	C:\windows\System32\WS2_32.dll
0x00007ffe4eaa0000 - 0x00007ffe4eacd000 	C:\windows\SYSTEM32\WINMMBASE.dll
0x00007ffe52d70000 - 0x00007ffe52dba000 	C:\windows\System32\cfgmgr32.dll
0x00007ffe522c0000 - 0x00007ffe522d1000 	C:\windows\System32\kernel.appcore.dll
0x00007ffe2d910000 - 0x00007ffe2d921000 	C:\Program Files\Java\jdk-12.0.1\bin\verify.dll
0x00007ffe50af0000 - 0x00007ffe50ce4000 	C:\windows\SYSTEM32\DBGHELP.DLL
0x00007ffe30cc0000 - 0x00007ffe30cea000 	C:\windows\SYSTEM32\dbgcore.DLL
0x00007ffe200d0000 - 0x00007ffe200f6000 	C:\Program Files\Java\jdk-12.0.1\bin\java.dll
0x00007ffe28090000 - 0x00007ffe280a7000 	C:\Program Files\Java\jdk-12.0.1\bin\zip.dll
0x00007ffe385b0000 - 0x00007ffe385ba000 	C:\Program Files\Java\jdk-12.0.1\bin\jimage.dll

dbghelp: loaded successfully - version: 4.0.5 - missing functions: none
symbol engine: initialized successfully - sym options: 0x614 - pdb path: .;C:\Program Files\Java\jdk-12.0.1\bin;C:\windows\SYSTEM32;C:\windows\WinSxS\amd64_microsoft.windows.common-controls_6595b64144ccf1df_6.0.18362.959_none_e6c7bbbf130c62bb;C:\Program Files\Java\jdk-12.0.1\bin\server

VM Arguments:
jvm_args: -Dfile.encoding=UTF-8 
java_command: com.khjxiaogu.factorio.composer.FactorioComposer
java_class_path (initial): H:\eclipse-workspace\FactorioComposer\target\classes;C:\Users\19053\.m2\repository\com\google\code\gson\gson\2.8.6\gson-2.8.6.jar
Launcher Type: SUN_STANDARD

[Global flags]
     intx CICompilerCount                          = 4                                         {product} {ergonomic}
     uint ConcGCThreads                            = 3                                         {product} {ergonomic}
     uint G1ConcRefinementThreads                  = 10                                        {product} {ergonomic}
   size_t G1HeapRegionSize                         = 1048576                                   {product} {ergonomic}
    uintx GCDrainStackTargetSize                   = 64                                        {product} {ergonomic}
   size_t InitialHeapSize                          = 400556032                                 {product} {ergonomic}
   size_t MarkStackSize                            = 4194304                                   {product} {ergonomic}
   size_t MaxHeapSize                              = 6402605056                                {product} {ergonomic}
   size_t MinHeapDeltaBytes                        = 1048576                                   {product} {ergonomic}
    uintx NonNMethodCodeHeapSize                   = 5836300                                {pd product} {ergonomic}
    uintx NonProfiledCodeHeapSize                  = 122910970                              {pd product} {ergonomic}
    uintx ProfiledCodeHeapSize                     = 122910970                              {pd product} {ergonomic}
    uintx ReservedCodeCacheSize                    = 251658240                              {pd product} {ergonomic}
     bool SegmentedCodeCache                       = true                                      {product} {ergonomic}
     bool UseCompressedClassPointers               = true                                 {lp64_product} {ergonomic}
     bool UseCompressedOops                        = true                                 {lp64_product} {ergonomic}
     bool UseG1GC                                  = true                                      {product} {ergonomic}
     bool UseLargePagesIndividualAllocation        = false                                  {pd product} {ergonomic}

Logging:
Log output configuration:
 #0: stdout all=warning uptime,level,tags
 #1: stderr all=off uptime,level,tags

Environment Variables:
JAVA_HOME=C:\Program Files\Java\jdk-12.0.1
PATH=C:/Program Files/Java/jdk-12.0.1/bin/server;C:/Program Files/Java/jdk-12.0.1/bin;C:\Program Files (x86)\Common Files\Intel\Shared Libraries\redist\intel64\compiler;C:\Program Files (x86)\NetSarang\Xshell 6\;C:\windows\system32;C:\windows;C:\windows\System32\Wbem;C:\windows\System32\WindowsPowerShell\v1.0\;C:\windows\System32\OpenSSH\;C:\Program Files (x86)\NVIDIA Corporation\PhysX\Common;C:\Program Files\NVIDIA Corporation\NVIDIA NvDLISR;C:\Program Files\Git\cmd;C:\Strawberry\c\bin;C:\Strawberry\perl\site\bin;C:\Strawberry\perl\bin;C:\Program Files\Java\jre1.8.0_211\bin;C:\Program Files\dotnet\;C:\Program Files (x86)\Certbot\bin;C:\Users\19053\AppData\Local\Microsoft\WindowsApps;C:\Users\19053\AppData\Local\Programs\Fiddler;C:\Program Files\Java\jdk-12.0.1\bin;C:\Program Files (x86)\Nmap;C:\Program Files (x86)\NASM;C:\Users\19053\AppData\Local\GitHubDesktop\bin;C:\Gradle\gradle-6.0.1\bin;;C:\Users\19053\Desktop;
USERNAME=19053
OS=Windows_NT
PROCESSOR_IDENTIFIER=Intel64 Family 6 Model 158 Stepping 10, GenuineIntel



---------------  S Y S T E M  ---------------

OS: Windows 10 , 64 bit Build 18362 (10.0.18362.959)

CPU:total 12 (initial active 12) (6 cores per cpu, 2 threads per core) family 6 model 158 stepping 10, cmov, cx8, fxsr, mmx, sse, sse2, sse3, ssse3, sse4.1, sse4.2, popcnt, avx, avx2, aes, clmul, erms, 3dnowpref, lzcnt, ht, tsc, tscinvbit, bmi1, bmi2, adx, fma

Memory: 4k page, system-wide physical 24416M (9824M free)
TotalPageFile size 34656M (AvailPageFile size 5M)
current process WorkingSet (physical memory assigned to process): 10M, peak: 10M
current process commit charge ("private bytes"): 454M, peak: 460M

vm_info: Java HotSpot(TM) 64-Bit Server VM (12.0.1+12) for windows-amd64 JRE (12.0.1+12), built on Apr  2 2019 14:02:19 by "mach5one" with MS VC++ 15.5 (VS2017)

END.
