#
# There is insufficient memory for the Java Runtime Environment to continue.
# Native memory allocation (malloc) failed to allocate 1348816 bytes for Chunk::new
# Possible reasons:
#   The system is out of physical RAM or swap space
#   The process is running with CompressedOops enabled, and the Java Heap may be blocking the growth of the native heap
# Possible solutions:
#   Reduce memory load on the system
#   Increase physical memory or swap space
#   Check if swap backing store is full
#   Decrease Java heap size (-Xmx/-Xms)
#   Decrease number of Java threads
#   Decrease Java thread stack sizes (-Xss)
#   Set larger code cache with -XX:ReservedCodeCacheSize=
#   JVM is running with Zero Based Compressed Oops mode in which the Java heap is
#     placed in the first 32GB address space. The Java Heap base address is the
#     maximum limit for the native heap growth. Please use -XX:HeapBaseMinAddress
#     to set the Java Heap base and to place the Java Heap above 32GB virtual address.
# This output file may be truncated or incomplete.
#
#  Out of Memory Error (t:/workspace/open/src/hotspot/share/memory/arena.cpp:197), pid=24764, tid=23636
#
# JRE version: Java(TM) SE Runtime Environment (12.0.1+12) (build 12.0.1+12)
# Java VM: Java HotSpot(TM) 64-Bit Server VM (12.0.1+12, mixed mode, sharing, tiered, compressed oops, g1 gc, windows-amd64)
# No core dump will be written. Minidumps are not enabled by default on client versions of Windows
#

---------------  S U M M A R Y ------------

Command Line: -Dfile.encoding=UTF-8 com.khjxiaogu.factorio.composer.FactorioComposer

Host: Intel(R) Core(TM) i7-9750H CPU @ 2.60GHz, 12 cores, 23G,  Windows 10 , 64 bit Build 18362 (10.0.18362.959)
Time: Fri Jul 31 04:11:40 2020 ?D1¨²¡À¨º¡Á?¨º¡À?? elapsed time: 16 seconds (0d 0h 0m 16s)

---------------  T H R E A D  ---------------

Current thread (0x000001794d636800):  JavaThread "C2 CompilerThread0" daemon [_thread_in_native, id=23636, stack(0x0000004e8d300000,0x0000004e8d400000)]


Current CompileTask:
C2:  16084 2219       4       com.google.gson.internal.bind.TypeAdapters$29::write (256 bytes)

Stack: [0x0000004e8d300000,0x0000004e8d400000]
Native frames: (J=compiled Java code, j=interpreted, Vv=VM code, C=native code)
V  [jvm.dll+0x63948a]
V  [jvm.dll+0x78b31f]
V  [jvm.dll+0x78c9c1]
V  [jvm.dll+0x78d013]
V  [jvm.dll+0x262138]
V  [jvm.dll+0xc582c]
V  [jvm.dll+0xc5dac]
V  [jvm.dll+0x3796a7]
V  [jvm.dll+0x1aee00]
V  [jvm.dll+0x21c142]
V  [jvm.dll+0x21b20a]
V  [jvm.dll+0x199890]
V  [jvm.dll+0x22a534]
V  [jvm.dll+0x228b88]
V  [jvm.dll+0x74f660]
V  [jvm.dll+0x748648]
V  [jvm.dll+0x638566]
C  [ucrtbase.dll+0x20e82]
C  [KERNEL32.DLL+0x17bd4]
C  [ntdll.dll+0x6ce51]


---------------  P R O C E S S  ---------------

Threads class SMR info:
_java_thread_list=0x000001794d6954b0, length=18, elements={
0x000001792429e800, 0x000001794d611800, 0x000001794d612000, 0x000001794d633000,
0x000001794d633800, 0x000001794d636800, 0x000001794d64a800, 0x000001794d64d800,
0x000001794d788000, 0x000001794d78b800, 0x000001794daec800, 0x000001794daef000,
0x000001794daf4800, 0x000001794dbff000, 0x000001794dfcd800, 0x000001794fafc800,
0x000001794d8c5800, 0x000001794d719800
}

Java Threads: ( => current thread )
  0x000001792429e800 JavaThread "main" [_thread_in_native, id=17600, stack(0x0000004e8c800000,0x0000004e8c900000)]
  0x000001794d611800 JavaThread "Reference Handler" daemon [_thread_blocked, id=13968, stack(0x0000004e8cf00000,0x0000004e8d000000)]
  0x000001794d612000 JavaThread "Finalizer" daemon [_thread_blocked, id=2192, stack(0x0000004e8d000000,0x0000004e8d100000)]
  0x000001794d633000 JavaThread "Signal Dispatcher" daemon [_thread_blocked, id=15964, stack(0x0000004e8d100000,0x0000004e8d200000)]
  0x000001794d633800 JavaThread "Attach Listener" daemon [_thread_blocked, id=32104, stack(0x0000004e8d200000,0x0000004e8d300000)]
=>0x000001794d636800 JavaThread "C2 CompilerThread0" daemon [_thread_in_native, id=23636, stack(0x0000004e8d300000,0x0000004e8d400000)]
  0x000001794d64a800 JavaThread "C1 CompilerThread0" daemon [_thread_blocked, id=31708, stack(0x0000004e8d400000,0x0000004e8d500000)]
  0x000001794d64d800 JavaThread "Sweeper thread" daemon [_thread_blocked, id=28820, stack(0x0000004e8d500000,0x0000004e8d600000)]
  0x000001794d788000 JavaThread "Service Thread" daemon [_thread_blocked, id=2908, stack(0x0000004e8d600000,0x0000004e8d700000)]
  0x000001794d78b800 JavaThread "Common-Cleaner" daemon [_thread_blocked, id=14384, stack(0x0000004e8d800000,0x0000004e8d900000)]
  0x000001794daec800 JavaThread "Java2D Disposer" daemon [_thread_blocked, id=20460, stack(0x0000004e8d900000,0x0000004e8da00000)]
  0x000001794daef000 JavaThread "AWT-Shutdown" [_thread_blocked, id=9244, stack(0x0000004e8da00000,0x0000004e8db00000)]
  0x000001794daf4800 JavaThread "AWT-Windows" daemon [_thread_in_native, id=23512, stack(0x0000004e8db00000,0x0000004e8dc00000)]
  0x000001794dbff000 JavaThread "AWT-EventQueue-0" [_thread_blocked, id=28516, stack(0x0000004e8dd00000,0x0000004e8de00000)]
  0x000001794dfcd800 JavaThread "Swing-Shell" daemon [_thread_blocked, id=27716, stack(0x0000004e8de00000,0x0000004e8df00000)]
  0x000001794fafc800 JavaThread "TimerQueue" daemon [_thread_blocked, id=14204, stack(0x0000004e8e300000,0x0000004e8e400000)]
  0x000001794d8c5800 JavaThread "C2 CompilerThread1" daemon [_thread_blocked, id=21012, stack(0x0000004e8dc00000,0x0000004e8dd00000)]
  0x000001794d719800 JavaThread "C2 CompilerThread2" daemon [_thread_blocked, id=20592, stack(0x0000004e8e400000,0x0000004e8e500000)]

Other Threads:
  0x000001794d610800 VMThread "VM Thread" [stack: 0x0000004e8ce00000,0x0000004e8cf00000] [id=13900]
  0x000001794d78a000 WatcherThread [stack: 0x0000004e8d700000,0x0000004e8d800000] [id=13412]
  0x0000017924321000 GCTaskThread "GC Thread#0" [stack: 0x0000004e8c900000,0x0000004e8ca00000] [id=26700]
  0x0000017951807800 GCTaskThread "GC Thread#1" [stack: 0x0000004e8e500000,0x0000004e8e600000] [id=23180]
  0x000001794dd3e800 GCTaskThread "GC Thread#2" [stack: 0x0000004e8e600000,0x0000004e8e700000] [id=17256]
  0x000001794f65b000 GCTaskThread "GC Thread#3" [stack: 0x0000004e8e700000,0x0000004e8e800000] [id=24152]
  0x0000017951c3b800 GCTaskThread "GC Thread#4" [stack: 0x0000004e8e800000,0x0000004e8e900000] [id=23652]
  0x000001794d9f7800 GCTaskThread "GC Thread#5" [stack: 0x0000004e8e900000,0x0000004e8ea00000] [id=29760]
  0x000001794d67f000 GCTaskThread "GC Thread#6" [stack: 0x0000004e8ea00000,0x0000004e8eb00000] [id=19416]
  0x00000179518ee800 GCTaskThread "GC Thread#7" [stack: 0x0000004e8eb00000,0x0000004e8ec00000] [id=25812]
  0x0000017951b0d800 GCTaskThread "GC Thread#8" [stack: 0x0000004e8ec00000,0x0000004e8ed00000] [id=30208]
  0x0000017924347800 ConcurrentGCThread "G1 Main Marker" [stack: 0x0000004e8ca00000,0x0000004e8cb00000] [id=13656]
  0x000001792434a800 ConcurrentGCThread "G1 Conc#0" [stack: 0x0000004e8cb00000,0x0000004e8cc00000] [id=22900]
  0x000001794c958800 ConcurrentGCThread "G1 Refine#0" [stack: 0x0000004e8cc00000,0x0000004e8cd00000] [id=3516]
  0x000001794d7ee000 ConcurrentGCThread "G1 Refine#1" [stack: 0x0000004e8ed00000,0x0000004e8ee00000] [id=32360]
  0x000001794deea800 ConcurrentGCThread "G1 Refine#2" [stack: 0x0000004e8ee00000,0x0000004e8ef00000] [id=25072]
  0x000001794f8f9000 ConcurrentGCThread "G1 Refine#3" [stack: 0x0000004e8ef00000,0x0000004e8f000000] [id=30728]
  0x000001794f8f8800 ConcurrentGCThread "G1 Refine#4" [stack: 0x0000004e8f000000,0x0000004e8f100000] [id=14856]
  0x000001794f8fa000 ConcurrentGCThread "G1 Refine#5" [stack: 0x0000004e8f100000,0x0000004e8f200000] [id=31148]
  0x000001794f8fc000 ConcurrentGCThread "G1 Refine#6" [stack: 0x0000004e8f200000,0x0000004e8f300000] [id=30700]
  0x000001794f8f7000 ConcurrentGCThread "G1 Refine#7" [stack: 0x0000004e8f300000,0x0000004e8f400000] [id=30920]
  0x000001794f8f5800 ConcurrentGCThread "G1 Refine#8" [stack: 0x0000004e8f400000,0x0000004e8f500000] [id=31512]
  0x000001794c959800 ConcurrentGCThread "G1 Young RemSet Sampling" [stack: 0x0000004e8cd00000,0x0000004e8ce00000] [id=29152]

Threads with active compile tasks:
C2 CompilerThread0  2219       4       com.google.gson.internal.bind.TypeAdapters$29::write (256 bytes)

VM state:not at safepoint (normal execution)

VM Mutex/Monitor currently owned by a thread: None

Heap address: 0x0000000682600000, size: 6106 MB, Compressed Oops mode: Zero based, Oop shift amount: 3
Narrow klass base: 0x0000000800000000, Narrow klass shift: 3
Compressed class space size: 1073741824 Address: 0x00000008011a0000

Heap:
 garbage-first heap   total 391168K, used 35332K [0x0000000682600000, 0x0000000800000000)
  region size 1024K, 18 young (18432K), 3 survivors (3072K)
 Metaspace       used 12791K, capacity 13190K, committed 13440K, reserved 1060864K
  class space    used 1503K, capacity 1655K, committed 1664K, reserved 1048576K
Heap Regions: E=young(eden), S=young(survivor), O=old, HS=humongous(starts), HC=humongous(continues), CS=collection set, F=free, A=archive, TAMS=top-at-mark-start (previous, next)
|   0|0x0000000682600000, 0x0000000682700000, 0x0000000682700000|100%|HS|  |TAMS 0x0000000682600000, 0x0000000682600000| Complete 
|   1|0x0000000682700000, 0x0000000682800000, 0x0000000682800000|100%|HS|  |TAMS 0x0000000682700000, 0x0000000682700000| Complete 
|   2|0x0000000682800000, 0x0000000682800000, 0x0000000682900000|  0%| F|  |TAMS 0x0000000682800000, 0x0000000682800000| Untracked 
|   3|0x0000000682900000, 0x0000000682a00000, 0x0000000682a00000|100%| O|  |TAMS 0x0000000682900000, 0x0000000682900000| Untracked 
|   4|0x0000000682a00000, 0x0000000682b00000, 0x0000000682b00000|100%| O|  |TAMS 0x0000000682a00000, 0x0000000682a00000| Untracked 
|   5|0x0000000682b00000, 0x0000000682c00000, 0x0000000682c00000|100%| O|  |TAMS 0x0000000682b00000, 0x0000000682b00000| Untracked 
|   6|0x0000000682c00000, 0x0000000682d00000, 0x0000000682d00000|100%| O|  |TAMS 0x0000000682c00000, 0x0000000682c00000| Untracked 
|   7|0x0000000682d00000, 0x0000000682e00000, 0x0000000682e00000|100%| O|  |TAMS 0x0000000682d00000, 0x0000000682d00000| Untracked 
|   8|0x0000000682e00000, 0x0000000682f00000, 0x0000000682f00000|100%| O|  |TAMS 0x0000000682e00000, 0x0000000682e00000| Untracked 
|   9|0x0000000682f00000, 0x0000000683000000, 0x0000000683000000|100%| O|  |TAMS 0x0000000682f00000, 0x0000000682f00000| Untracked 
|  10|0x0000000683000000, 0x0000000683081000, 0x0000000683100000| 50%| O|  |TAMS 0x0000000683000000, 0x0000000683000000| Untracked 
|  11|0x0000000683100000, 0x0000000683200000, 0x0000000683200000|100%|HS|  |TAMS 0x0000000683100000, 0x0000000683100000| Complete 
|  12|0x0000000683200000, 0x0000000683300000, 0x0000000683300000|100%|HC|  |TAMS 0x0000000683200000, 0x0000000683200000| Complete 
|  13|0x0000000683300000, 0x0000000683400000, 0x0000000683400000|100%|HS|  |TAMS 0x0000000683300000, 0x0000000683300000| Complete 
|  14|0x0000000683400000, 0x0000000683500000, 0x0000000683500000|100%|HC|  |TAMS 0x0000000683400000, 0x0000000683400000| Complete 
|  15|0x0000000683500000, 0x0000000683600000, 0x0000000683600000|100%|HC|  |TAMS 0x0000000683500000, 0x0000000683500000| Complete 
|  16|0x0000000683600000, 0x0000000683700000, 0x0000000683700000|100%|HS|  |TAMS 0x0000000683600000, 0x0000000683600000| Complete 
|  17|0x0000000683700000, 0x0000000683800000, 0x0000000683800000|100%|HC|  |TAMS 0x0000000683700000, 0x0000000683700000| Complete 
|  18|0x0000000683800000, 0x0000000683900000, 0x0000000683900000|100%|HS|  |TAMS 0x0000000683800000, 0x0000000683800000| Complete 
|  19|0x0000000683900000, 0x0000000683a00000, 0x0000000683a00000|100%|HC|  |TAMS 0x0000000683900000, 0x0000000683900000| Complete 
|  20|0x0000000683a00000, 0x0000000683a00000, 0x0000000683b00000|  0%| F|  |TAMS 0x0000000683a00000, 0x0000000683a00000| Untracked 
|  21|0x0000000683b00000, 0x0000000683b00000, 0x0000000683c00000|  0%| F|  |TAMS 0x0000000683b00000, 0x0000000683b00000| Untracked 
|  22|0x0000000683c00000, 0x0000000683c00000, 0x0000000683d00000|  0%| F|  |TAMS 0x0000000683c00000, 0x0000000683c00000| Untracked 
|  23|0x0000000683d00000, 0x0000000683d00000, 0x0000000683e00000|  0%| F|  |TAMS 0x0000000683d00000, 0x0000000683d00000| Untracked 
|  24|0x0000000683e00000, 0x0000000683e00000, 0x0000000683f00000|  0%| F|  |TAMS 0x0000000683e00000, 0x0000000683e00000| Untracked 
|  25|0x0000000683f00000, 0x0000000683f00000, 0x0000000684000000|  0%| F|  |TAMS 0x0000000683f00000, 0x0000000683f00000| Untracked 
|  26|0x0000000684000000, 0x0000000684000000, 0x0000000684100000|  0%| F|  |TAMS 0x0000000684000000, 0x0000000684000000| Untracked 
|  27|0x0000000684100000, 0x0000000684100000, 0x0000000684200000|  0%| F|  |TAMS 0x0000000684100000, 0x0000000684100000| Untracked 
|  28|0x0000000684200000, 0x0000000684200000, 0x0000000684300000|  0%| F|  |TAMS 0x0000000684200000, 0x0000000684200000| Untracked 
|  29|0x0000000684300000, 0x0000000684300000, 0x0000000684400000|  0%| F|  |TAMS 0x0000000684300000, 0x0000000684300000| Untracked 
|  30|0x0000000684400000, 0x0000000684400000, 0x0000000684500000|  0%| F|  |TAMS 0x0000000684400000, 0x0000000684400000| Untracked 
|  31|0x0000000684500000, 0x0000000684500000, 0x0000000684600000|  0%| F|  |TAMS 0x0000000684500000, 0x0000000684500000| Untracked 
|  32|0x0000000684600000, 0x0000000684600000, 0x0000000684700000|  0%| F|  |TAMS 0x0000000684600000, 0x0000000684600000| Untracked 
|  33|0x0000000684700000, 0x0000000684700000, 0x0000000684800000|  0%| F|  |TAMS 0x0000000684700000, 0x0000000684700000| Untracked 
|  34|0x0000000684800000, 0x0000000684800000, 0x0000000684900000|  0%| F|  |TAMS 0x0000000684800000, 0x0000000684800000| Untracked 
|  35|0x0000000684900000, 0x0000000684900000, 0x0000000684a00000|  0%| F|  |TAMS 0x0000000684900000, 0x0000000684900000| Untracked 
|  36|0x0000000684a00000, 0x0000000684a00000, 0x0000000684b00000|  0%| F|  |TAMS 0x0000000684a00000, 0x0000000684a00000| Untracked 
|  37|0x0000000684b00000, 0x0000000684b00000, 0x0000000684c00000|  0%| F|  |TAMS 0x0000000684b00000, 0x0000000684b00000| Untracked 
|  38|0x0000000684c00000, 0x0000000684c00000, 0x0000000684d00000|  0%| F|  |TAMS 0x0000000684c00000, 0x0000000684c00000| Untracked 
|  39|0x0000000684d00000, 0x0000000684d00000, 0x0000000684e00000|  0%| F|  |TAMS 0x0000000684d00000, 0x0000000684d00000| Untracked 
|  40|0x0000000684e00000, 0x0000000684e00000, 0x0000000684f00000|  0%| F|  |TAMS 0x0000000684e00000, 0x0000000684e00000| Untracked 
|  41|0x0000000684f00000, 0x0000000684f00000, 0x0000000685000000|  0%| F|  |TAMS 0x0000000684f00000, 0x0000000684f00000| Untracked 
|  42|0x0000000685000000, 0x0000000685000000, 0x0000000685100000|  0%| F|  |TAMS 0x0000000685000000, 0x0000000685000000| Untracked 
|  43|0x0000000685100000, 0x0000000685100000, 0x0000000685200000|  0%| F|  |TAMS 0x0000000685100000, 0x0000000685100000| Untracked 
|  44|0x0000000685200000, 0x0000000685200000, 0x0000000685300000|  0%| F|  |TAMS 0x0000000685200000, 0x0000000685200000| Untracked 
|  45|0x0000000685300000, 0x0000000685300000, 0x0000000685400000|  0%| F|  |TAMS 0x0000000685300000, 0x0000000685300000| Untracked 
|  46|0x0000000685400000, 0x0000000685400000, 0x0000000685500000|  0%| F|  |TAMS 0x0000000685400000, 0x0000000685400000| Untracked 
|  47|0x0000000685500000, 0x0000000685500000, 0x0000000685600000|  0%| F|  |TAMS 0x0000000685500000, 0x0000000685500000| Untracked 
|  48|0x0000000685600000, 0x0000000685600000, 0x0000000685700000|  0%| F|  |TAMS 0x0000000685600000, 0x0000000685600000| Untracked 
|  49|0x0000000685700000, 0x0000000685700000, 0x0000000685800000|  0%| F|  |TAMS 0x0000000685700000, 0x0000000685700000| Untracked 
|  50|0x0000000685800000, 0x0000000685800000, 0x0000000685900000|  0%| F|  |TAMS 0x0000000685800000, 0x0000000685800000| Untracked 
|  51|0x0000000685900000, 0x0000000685900000, 0x0000000685a00000|  0%| F|  |TAMS 0x0000000685900000, 0x0000000685900000| Untracked 
|  52|0x0000000685a00000, 0x0000000685a00000, 0x0000000685b00000|  0%| F|  |TAMS 0x0000000685a00000, 0x0000000685a00000| Untracked 
|  53|0x0000000685b00000, 0x0000000685b00000, 0x0000000685c00000|  0%| F|  |TAMS 0x0000000685b00000, 0x0000000685b00000| Untracked 
|  54|0x0000000685c00000, 0x0000000685c00000, 0x0000000685d00000|  0%| F|  |TAMS 0x0000000685c00000, 0x0000000685c00000| Untracked 
|  55|0x0000000685d00000, 0x0000000685d00000, 0x0000000685e00000|  0%| F|  |TAMS 0x0000000685d00000, 0x0000000685d00000| Untracked 
|  56|0x0000000685e00000, 0x0000000685e00000, 0x0000000685f00000|  0%| F|  |TAMS 0x0000000685e00000, 0x0000000685e00000| Untracked 
|  57|0x0000000685f00000, 0x0000000685f00000, 0x0000000686000000|  0%| F|  |TAMS 0x0000000685f00000, 0x0000000685f00000| Untracked 
|  58|0x0000000686000000, 0x0000000686000000, 0x0000000686100000|  0%| F|  |TAMS 0x0000000686000000, 0x0000000686000000| Untracked 
|  59|0x0000000686100000, 0x0000000686100000, 0x0000000686200000|  0%| F|  |TAMS 0x0000000686100000, 0x0000000686100000| Untracked 
|  60|0x0000000686200000, 0x0000000686200000, 0x0000000686300000|  0%| F|  |TAMS 0x0000000686200000, 0x0000000686200000| Untracked 
|  61|0x0000000686300000, 0x0000000686300000, 0x0000000686400000|  0%| F|  |TAMS 0x0000000686300000, 0x0000000686300000| Untracked 
|  62|0x0000000686400000, 0x0000000686400000, 0x0000000686500000|  0%| F|  |TAMS 0x0000000686400000, 0x0000000686400000| Untracked 
|  63|0x0000000686500000, 0x0000000686500000, 0x0000000686600000|  0%| F|  |TAMS 0x0000000686500000, 0x0000000686500000| Untracked 
|  64|0x0000000686600000, 0x0000000686600000, 0x0000000686700000|  0%| F|  |TAMS 0x0000000686600000, 0x0000000686600000| Untracked 
|  65|0x0000000686700000, 0x0000000686700000, 0x0000000686800000|  0%| F|  |TAMS 0x0000000686700000, 0x0000000686700000| Untracked 
|  66|0x0000000686800000, 0x0000000686800000, 0x0000000686900000|  0%| F|  |TAMS 0x0000000686800000, 0x0000000686800000| Untracked 
|  67|0x0000000686900000, 0x0000000686900000, 0x0000000686a00000|  0%| F|  |TAMS 0x0000000686900000, 0x0000000686900000| Untracked 
|  68|0x0000000686a00000, 0x0000000686a00000, 0x0000000686b00000|  0%| F|  |TAMS 0x0000000686a00000, 0x0000000686a00000| Untracked 
|  69|0x0000000686b00000, 0x0000000686b00000, 0x0000000686c00000|  0%| F|  |TAMS 0x0000000686b00000, 0x0000000686b00000| Untracked 
|  70|0x0000000686c00000, 0x0000000686c00000, 0x0000000686d00000|  0%| F|  |TAMS 0x0000000686c00000, 0x0000000686c00000| Untracked 
|  71|0x0000000686d00000, 0x0000000686d00000, 0x0000000686e00000|  0%| F|  |TAMS 0x0000000686d00000, 0x0000000686d00000| Untracked 
|  72|0x0000000686e00000, 0x0000000686e00000, 0x0000000686f00000|  0%| F|  |TAMS 0x0000000686e00000, 0x0000000686e00000| Untracked 
|  73|0x0000000686f00000, 0x0000000686f00000, 0x0000000687000000|  0%| F|  |TAMS 0x0000000686f00000, 0x0000000686f00000| Untracked 
|  74|0x0000000687000000, 0x0000000687000000, 0x0000000687100000|  0%| F|  |TAMS 0x0000000687000000, 0x0000000687000000| Untracked 
|  75|0x0000000687100000, 0x0000000687100000, 0x0000000687200000|  0%| F|  |TAMS 0x0000000687100000, 0x0000000687100000| Untracked 
|  76|0x0000000687200000, 0x0000000687200000, 0x0000000687300000|  0%| F|  |TAMS 0x0000000687200000, 0x0000000687200000| Untracked 
|  77|0x0000000687300000, 0x0000000687300000, 0x0000000687400000|  0%| F|  |TAMS 0x0000000687300000, 0x0000000687300000| Untracked 
|  78|0x0000000687400000, 0x0000000687400000, 0x0000000687500000|  0%| F|  |TAMS 0x0000000687400000, 0x0000000687400000| Untracked 
|  79|0x0000000687500000, 0x0000000687500000, 0x0000000687600000|  0%| F|  |TAMS 0x0000000687500000, 0x0000000687500000| Untracked 
|  80|0x0000000687600000, 0x0000000687600000, 0x0000000687700000|  0%| F|  |TAMS 0x0000000687600000, 0x0000000687600000| Untracked 
|  81|0x0000000687700000, 0x0000000687700000, 0x0000000687800000|  0%| F|  |TAMS 0x0000000687700000, 0x0000000687700000| Untracked 
|  82|0x0000000687800000, 0x0000000687800000, 0x0000000687900000|  0%| F|  |TAMS 0x0000000687800000, 0x0000000687800000| Untracked 
|  83|0x0000000687900000, 0x0000000687900000, 0x0000000687a00000|  0%| F|  |TAMS 0x0000000687900000, 0x0000000687900000| Untracked 
|  84|0x0000000687a00000, 0x0000000687a00000, 0x0000000687b00000|  0%| F|  |TAMS 0x0000000687a00000, 0x0000000687a00000| Untracked 
|  85|0x0000000687b00000, 0x0000000687b00000, 0x0000000687c00000|  0%| F|  |TAMS 0x0000000687b00000, 0x0000000687b00000| Untracked 
|  86|0x0000000687c00000, 0x0000000687c00000, 0x0000000687d00000|  0%| F|  |TAMS 0x0000000687c00000, 0x0000000687c00000| Untracked 
|  87|0x0000000687d00000, 0x0000000687d00000, 0x0000000687e00000|  0%| F|  |TAMS 0x0000000687d00000, 0x0000000687d00000| Untracked 
|  88|0x0000000687e00000, 0x0000000687e00000, 0x0000000687f00000|  0%| F|  |TAMS 0x0000000687e00000, 0x0000000687e00000| Untracked 
|  89|0x0000000687f00000, 0x0000000687f00000, 0x0000000688000000|  0%| F|  |TAMS 0x0000000687f00000, 0x0000000687f00000| Untracked 
|  90|0x0000000688000000, 0x0000000688000000, 0x0000000688100000|  0%| F|  |TAMS 0x0000000688000000, 0x0000000688000000| Untracked 
|  91|0x0000000688100000, 0x0000000688100000, 0x0000000688200000|  0%| F|  |TAMS 0x0000000688100000, 0x0000000688100000| Untracked 
|  92|0x0000000688200000, 0x0000000688200000, 0x0000000688300000|  0%| F|  |TAMS 0x0000000688200000, 0x0000000688200000| Untracked 
|  93|0x0000000688300000, 0x0000000688300000, 0x0000000688400000|  0%| F|  |TAMS 0x0000000688300000, 0x0000000688300000| Untracked 
|  94|0x0000000688400000, 0x0000000688400000, 0x0000000688500000|  0%| F|  |TAMS 0x0000000688400000, 0x0000000688400000| Untracked 
|  95|0x0000000688500000, 0x0000000688500000, 0x0000000688600000|  0%| F|  |TAMS 0x0000000688500000, 0x0000000688500000| Untracked 
|  96|0x0000000688600000, 0x0000000688600000, 0x0000000688700000|  0%| F|  |TAMS 0x0000000688600000, 0x0000000688600000| Untracked 
|  97|0x0000000688700000, 0x0000000688700000, 0x0000000688800000|  0%| F|  |TAMS 0x0000000688700000, 0x0000000688700000| Untracked 
|  98|0x0000000688800000, 0x0000000688800000, 0x0000000688900000|  0%| F|  |TAMS 0x0000000688800000, 0x0000000688800000| Untracked 
|  99|0x0000000688900000, 0x0000000688900000, 0x0000000688a00000|  0%| F|  |TAMS 0x0000000688900000, 0x0000000688900000| Untracked 
| 100|0x0000000688a00000, 0x0000000688a00000, 0x0000000688b00000|  0%| F|  |TAMS 0x0000000688a00000, 0x0000000688a00000| Untracked 
| 101|0x0000000688b00000, 0x0000000688b00000, 0x0000000688c00000|  0%| F|  |TAMS 0x0000000688b00000, 0x0000000688b00000| Untracked 
| 102|0x0000000688c00000, 0x0000000688c00000, 0x0000000688d00000|  0%| F|  |TAMS 0x0000000688c00000, 0x0000000688c00000| Untracked 
| 103|0x0000000688d00000, 0x0000000688d00000, 0x0000000688e00000|  0%| F|  |TAMS 0x0000000688d00000, 0x0000000688d00000| Untracked 
| 104|0x0000000688e00000, 0x0000000688e00000, 0x0000000688f00000|  0%| F|  |TAMS 0x0000000688e00000, 0x0000000688e00000| Untracked 
| 105|0x0000000688f00000, 0x0000000688f00000, 0x0000000689000000|  0%| F|  |TAMS 0x0000000688f00000, 0x0000000688f00000| Untracked 
| 106|0x0000000689000000, 0x0000000689000000, 0x0000000689100000|  0%| F|  |TAMS 0x0000000689000000, 0x0000000689000000| Untracked 
| 107|0x0000000689100000, 0x0000000689100000, 0x0000000689200000|  0%| F|  |TAMS 0x0000000689100000, 0x0000000689100000| Untracked 
| 108|0x0000000689200000, 0x0000000689200000, 0x0000000689300000|  0%| F|  |TAMS 0x0000000689200000, 0x0000000689200000| Untracked 
| 109|0x0000000689300000, 0x0000000689300000, 0x0000000689400000|  0%| F|  |TAMS 0x0000000689300000, 0x0000000689300000| Untracked 
| 110|0x0000000689400000, 0x0000000689400000, 0x0000000689500000|  0%| F|  |TAMS 0x0000000689400000, 0x0000000689400000| Untracked 
| 111|0x0000000689500000, 0x0000000689500000, 0x0000000689600000|  0%| F|  |TAMS 0x0000000689500000, 0x0000000689500000| Untracked 
| 112|0x0000000689600000, 0x0000000689600000, 0x0000000689700000|  0%| F|  |TAMS 0x0000000689600000, 0x0000000689600000| Untracked 
| 113|0x0000000689700000, 0x0000000689700000, 0x0000000689800000|  0%| F|  |TAMS 0x0000000689700000, 0x0000000689700000| Untracked 
| 114|0x0000000689800000, 0x0000000689800000, 0x0000000689900000|  0%| F|  |TAMS 0x0000000689800000, 0x0000000689800000| Untracked 
| 115|0x0000000689900000, 0x0000000689900000, 0x0000000689a00000|  0%| F|  |TAMS 0x0000000689900000, 0x0000000689900000| Untracked 
| 116|0x0000000689a00000, 0x0000000689a00000, 0x0000000689b00000|  0%| F|  |TAMS 0x0000000689a00000, 0x0000000689a00000| Untracked 
| 117|0x0000000689b00000, 0x0000000689b00000, 0x0000000689c00000|  0%| F|  |TAMS 0x0000000689b00000, 0x0000000689b00000| Untracked 
| 118|0x0000000689c00000, 0x0000000689c00000, 0x0000000689d00000|  0%| F|  |TAMS 0x0000000689c00000, 0x0000000689c00000| Untracked 
| 119|0x0000000689d00000, 0x0000000689d00000, 0x0000000689e00000|  0%| F|  |TAMS 0x0000000689d00000, 0x0000000689d00000| Untracked 
| 120|0x0000000689e00000, 0x0000000689e00000, 0x0000000689f00000|  0%| F|  |TAMS 0x0000000689e00000, 0x0000000689e00000| Untracked 
| 121|0x0000000689f00000, 0x0000000689f00000, 0x000000068a000000|  0%| F|  |TAMS 0x0000000689f00000, 0x0000000689f00000| Untracked 
| 122|0x000000068a000000, 0x000000068a000000, 0x000000068a100000|  0%| F|  |TAMS 0x000000068a000000, 0x000000068a000000| Untracked 
| 123|0x000000068a100000, 0x000000068a100000, 0x000000068a200000|  0%| F|  |TAMS 0x000000068a100000, 0x000000068a100000| Untracked 
| 124|0x000000068a200000, 0x000000068a200000, 0x000000068a300000|  0%| F|  |TAMS 0x000000068a200000, 0x000000068a200000| Untracked 
| 125|0x000000068a300000, 0x000000068a300000, 0x000000068a400000|  0%| F|  |TAMS 0x000000068a300000, 0x000000068a300000| Untracked 
| 126|0x000000068a400000, 0x000000068a400000, 0x000000068a500000|  0%| F|  |TAMS 0x000000068a400000, 0x000000068a400000| Untracked 
| 127|0x000000068a500000, 0x000000068a500000, 0x000000068a600000|  0%| F|  |TAMS 0x000000068a500000, 0x000000068a500000| Untracked 
| 128|0x000000068a600000, 0x000000068a600000, 0x000000068a700000|  0%| F|  |TAMS 0x000000068a600000, 0x000000068a600000| Untracked 
| 129|0x000000068a700000, 0x000000068a700000, 0x000000068a800000|  0%| F|  |TAMS 0x000000068a700000, 0x000000068a700000| Untracked 
| 130|0x000000068a800000, 0x000000068a800000, 0x000000068a900000|  0%| F|  |TAMS 0x000000068a800000, 0x000000068a800000| Untracked 
| 131|0x000000068a900000, 0x000000068a900000, 0x000000068aa00000|  0%| F|  |TAMS 0x000000068a900000, 0x000000068a900000| Untracked 
| 132|0x000000068aa00000, 0x000000068aa00000, 0x000000068ab00000|  0%| F|  |TAMS 0x000000068aa00000, 0x000000068aa00000| Untracked 
| 133|0x000000068ab00000, 0x000000068ab00000, 0x000000068ac00000|  0%| F|  |TAMS 0x000000068ab00000, 0x000000068ab00000| Untracked 
| 134|0x000000068ac00000, 0x000000068ac00000, 0x000000068ad00000|  0%| F|  |TAMS 0x000000068ac00000, 0x000000068ac00000| Untracked 
| 135|0x000000068ad00000, 0x000000068ad00000, 0x000000068ae00000|  0%| F|  |TAMS 0x000000068ad00000, 0x000000068ad00000| Untracked 
| 136|0x000000068ae00000, 0x000000068ae00000, 0x000000068af00000|  0%| F|  |TAMS 0x000000068ae00000, 0x000000068ae00000| Untracked 
| 137|0x000000068af00000, 0x000000068af00000, 0x000000068b000000|  0%| F|  |TAMS 0x000000068af00000, 0x000000068af00000| Untracked 
| 138|0x000000068b000000, 0x000000068b000000, 0x000000068b100000|  0%| F|  |TAMS 0x000000068b000000, 0x000000068b000000| Untracked 
| 139|0x000000068b100000, 0x000000068b100000, 0x000000068b200000|  0%| F|  |TAMS 0x000000068b100000, 0x000000068b100000| Untracked 
| 140|0x000000068b200000, 0x000000068b200000, 0x000000068b300000|  0%| F|  |TAMS 0x000000068b200000, 0x000000068b200000| Untracked 
| 141|0x000000068b300000, 0x000000068b300000, 0x000000068b400000|  0%| F|  |TAMS 0x000000068b300000, 0x000000068b300000| Untracked 
| 142|0x000000068b400000, 0x000000068b400000, 0x000000068b500000|  0%| F|  |TAMS 0x000000068b400000, 0x000000068b400000| Untracked 
| 143|0x000000068b500000, 0x000000068b500000, 0x000000068b600000|  0%| F|  |TAMS 0x000000068b500000, 0x000000068b500000| Untracked 
| 144|0x000000068b600000, 0x000000068b600000, 0x000000068b700000|  0%| F|  |TAMS 0x000000068b600000, 0x000000068b600000| Untracked 
| 145|0x000000068b700000, 0x000000068b700000, 0x000000068b800000|  0%| F|  |TAMS 0x000000068b700000, 0x000000068b700000| Untracked 
| 146|0x000000068b800000, 0x000000068b800000, 0x000000068b900000|  0%| F|  |TAMS 0x000000068b800000, 0x000000068b800000| Untracked 
| 147|0x000000068b900000, 0x000000068b900000, 0x000000068ba00000|  0%| F|  |TAMS 0x000000068b900000, 0x000000068b900000| Untracked 
| 148|0x000000068ba00000, 0x000000068ba00000, 0x000000068bb00000|  0%| F|  |TAMS 0x000000068ba00000, 0x000000068ba00000| Untracked 
| 149|0x000000068bb00000, 0x000000068bb00000, 0x000000068bc00000|  0%| F|  |TAMS 0x000000068bb00000, 0x000000068bb00000| Untracked 
| 150|0x000000068bc00000, 0x000000068bc00000, 0x000000068bd00000|  0%| F|  |TAMS 0x000000068bc00000, 0x000000068bc00000| Untracked 
| 151|0x000000068bd00000, 0x000000068bd00000, 0x000000068be00000|  0%| F|  |TAMS 0x000000068bd00000, 0x000000068bd00000| Untracked 
| 152|0x000000068be00000, 0x000000068be00000, 0x000000068bf00000|  0%| F|  |TAMS 0x000000068be00000, 0x000000068be00000| Untracked 
| 153|0x000000068bf00000, 0x000000068bf00000, 0x000000068c000000|  0%| F|  |TAMS 0x000000068bf00000, 0x000000068bf00000| Untracked 
| 154|0x000000068c000000, 0x000000068c000000, 0x000000068c100000|  0%| F|  |TAMS 0x000000068c000000, 0x000000068c000000| Untracked 
| 155|0x000000068c100000, 0x000000068c100000, 0x000000068c200000|  0%| F|  |TAMS 0x000000068c100000, 0x000000068c100000| Untracked 
| 156|0x000000068c200000, 0x000000068c200000, 0x000000068c300000|  0%| F|  |TAMS 0x000000068c200000, 0x000000068c200000| Untracked 
| 157|0x000000068c300000, 0x000000068c300000, 0x000000068c400000|  0%| F|  |TAMS 0x000000068c300000, 0x000000068c300000| Untracked 
| 158|0x000000068c400000, 0x000000068c400000, 0x000000068c500000|  0%| F|  |TAMS 0x000000068c400000, 0x000000068c400000| Untracked 
| 159|0x000000068c500000, 0x000000068c500000, 0x000000068c600000|  0%| F|  |TAMS 0x000000068c500000, 0x000000068c500000| Untracked 
| 160|0x000000068c600000, 0x000000068c600000, 0x000000068c700000|  0%| F|  |TAMS 0x000000068c600000, 0x000000068c600000| Untracked 
| 161|0x000000068c700000, 0x000000068c700000, 0x000000068c800000|  0%| F|  |TAMS 0x000000068c700000, 0x000000068c700000| Untracked 
| 162|0x000000068c800000, 0x000000068c800000, 0x000000068c900000|  0%| F|  |TAMS 0x000000068c800000, 0x000000068c800000| Untracked 
| 163|0x000000068c900000, 0x000000068c900000, 0x000000068ca00000|  0%| F|  |TAMS 0x000000068c900000, 0x000000068c900000| Untracked 
| 164|0x000000068ca00000, 0x000000068ca00000, 0x000000068cb00000|  0%| F|  |TAMS 0x000000068ca00000, 0x000000068ca00000| Untracked 
| 165|0x000000068cb00000, 0x000000068cb00000, 0x000000068cc00000|  0%| F|  |TAMS 0x000000068cb00000, 0x000000068cb00000| Untracked 
| 166|0x000000068cc00000, 0x000000068cc00000, 0x000000068cd00000|  0%| F|  |TAMS 0x000000068cc00000, 0x000000068cc00000| Untracked 
| 167|0x000000068cd00000, 0x000000068cd00000, 0x000000068ce00000|  0%| F|  |TAMS 0x000000068cd00000, 0x000000068cd00000| Untracked 
| 168|0x000000068ce00000, 0x000000068ce00000, 0x000000068cf00000|  0%| F|  |TAMS 0x000000068ce00000, 0x000000068ce00000| Untracked 
| 169|0x000000068cf00000, 0x000000068cf00000, 0x000000068d000000|  0%| F|  |TAMS 0x000000068cf00000, 0x000000068cf00000| Untracked 
| 170|0x000000068d000000, 0x000000068d000000, 0x000000068d100000|  0%| F|  |TAMS 0x000000068d000000, 0x000000068d000000| Untracked 
| 171|0x000000068d100000, 0x000000068d100000, 0x000000068d200000|  0%| F|  |TAMS 0x000000068d100000, 0x000000068d100000| Untracked 
| 172|0x000000068d200000, 0x000000068d200000, 0x000000068d300000|  0%| F|  |TAMS 0x000000068d200000, 0x000000068d200000| Untracked 
| 173|0x000000068d300000, 0x000000068d300000, 0x000000068d400000|  0%| F|  |TAMS 0x000000068d300000, 0x000000068d300000| Untracked 
| 174|0x000000068d400000, 0x000000068d400000, 0x000000068d500000|  0%| F|  |TAMS 0x000000068d400000, 0x000000068d400000| Untracked 
| 175|0x000000068d500000, 0x000000068d500000, 0x000000068d600000|  0%| F|  |TAMS 0x000000068d500000, 0x000000068d500000| Untracked 
| 176|0x000000068d600000, 0x000000068d600000, 0x000000068d700000|  0%| F|  |TAMS 0x000000068d600000, 0x000000068d600000| Untracked 
| 177|0x000000068d700000, 0x000000068d700000, 0x000000068d800000|  0%| F|  |TAMS 0x000000068d700000, 0x000000068d700000| Untracked 
| 178|0x000000068d800000, 0x000000068d800000, 0x000000068d900000|  0%| F|  |TAMS 0x000000068d800000, 0x000000068d800000| Untracked 
| 179|0x000000068d900000, 0x000000068d900000, 0x000000068da00000|  0%| F|  |TAMS 0x000000068d900000, 0x000000068d900000| Untracked 
| 180|0x000000068da00000, 0x000000068da00000, 0x000000068db00000|  0%| F|  |TAMS 0x000000068da00000, 0x000000068da00000| Untracked 
| 181|0x000000068db00000, 0x000000068db00000, 0x000000068dc00000|  0%| F|  |TAMS 0x000000068db00000, 0x000000068db00000| Untracked 
| 182|0x000000068dc00000, 0x000000068dc00000, 0x000000068dd00000|  0%| F|  |TAMS 0x000000068dc00000, 0x000000068dc00000| Untracked 
| 183|0x000000068dd00000, 0x000000068dd00000, 0x000000068de00000|  0%| F|  |TAMS 0x000000068dd00000, 0x000000068dd00000| Untracked 
| 184|0x000000068de00000, 0x000000068de00000, 0x000000068df00000|  0%| F|  |TAMS 0x000000068de00000, 0x000000068de00000| Untracked 
| 185|0x000000068df00000, 0x000000068df00000, 0x000000068e000000|  0%| F|  |TAMS 0x000000068df00000, 0x000000068df00000| Untracked 
| 186|0x000000068e000000, 0x000000068e000000, 0x000000068e100000|  0%| F|  |TAMS 0x000000068e000000, 0x000000068e000000| Untracked 
| 187|0x000000068e100000, 0x000000068e100000, 0x000000068e200000|  0%| F|  |TAMS 0x000000068e100000, 0x000000068e100000| Untracked 
| 188|0x000000068e200000, 0x000000068e200000, 0x000000068e300000|  0%| F|  |TAMS 0x000000068e200000, 0x000000068e200000| Untracked 
| 189|0x000000068e300000, 0x000000068e300000, 0x000000068e400000|  0%| F|  |TAMS 0x000000068e300000, 0x000000068e300000| Untracked 
| 190|0x000000068e400000, 0x000000068e400000, 0x000000068e500000|  0%| F|  |TAMS 0x000000068e400000, 0x000000068e400000| Untracked 
| 191|0x000000068e500000, 0x000000068e500000, 0x000000068e600000|  0%| F|  |TAMS 0x000000068e500000, 0x000000068e500000| Untracked 
| 192|0x000000068e600000, 0x000000068e600000, 0x000000068e700000|  0%| F|  |TAMS 0x000000068e600000, 0x000000068e600000| Untracked 
| 193|0x000000068e700000, 0x000000068e700000, 0x000000068e800000|  0%| F|  |TAMS 0x000000068e700000, 0x000000068e700000| Untracked 
| 194|0x000000068e800000, 0x000000068e800000, 0x000000068e900000|  0%| F|  |TAMS 0x000000068e800000, 0x000000068e800000| Untracked 
| 195|0x000000068e900000, 0x000000068e900000, 0x000000068ea00000|  0%| F|  |TAMS 0x000000068e900000, 0x000000068e900000| Untracked 
| 196|0x000000068ea00000, 0x000000068ea00000, 0x000000068eb00000|  0%| F|  |TAMS 0x000000068ea00000, 0x000000068ea00000| Untracked 
| 197|0x000000068eb00000, 0x000000068eb00000, 0x000000068ec00000|  0%| F|  |TAMS 0x000000068eb00000, 0x000000068eb00000| Untracked 
| 198|0x000000068ec00000, 0x000000068ec00000, 0x000000068ed00000|  0%| F|  |TAMS 0x000000068ec00000, 0x000000068ec00000| Untracked 
| 199|0x000000068ed00000, 0x000000068ed00000, 0x000000068ee00000|  0%| F|  |TAMS 0x000000068ed00000, 0x000000068ed00000| Untracked 
| 200|0x000000068ee00000, 0x000000068ee00000, 0x000000068ef00000|  0%| F|  |TAMS 0x000000068ee00000, 0x000000068ee00000| Untracked 
| 201|0x000000068ef00000, 0x000000068ef00000, 0x000000068f000000|  0%| F|  |TAMS 0x000000068ef00000, 0x000000068ef00000| Untracked 
| 202|0x000000068f000000, 0x000000068f000000, 0x000000068f100000|  0%| F|  |TAMS 0x000000068f000000, 0x000000068f000000| Untracked 
| 203|0x000000068f100000, 0x000000068f100000, 0x000000068f200000|  0%| F|  |TAMS 0x000000068f100000, 0x000000068f100000| Untracked 
| 204|0x000000068f200000, 0x000000068f200000, 0x000000068f300000|  0%| F|  |TAMS 0x000000068f200000, 0x000000068f200000| Untracked 
| 205|0x000000068f300000, 0x000000068f300000, 0x000000068f400000|  0%| F|  |TAMS 0x000000068f300000, 0x000000068f300000| Untracked 
| 206|0x000000068f400000, 0x000000068f400000, 0x000000068f500000|  0%| F|  |TAMS 0x000000068f400000, 0x000000068f400000| Untracked 
| 207|0x000000068f500000, 0x000000068f500000, 0x000000068f600000|  0%| F|  |TAMS 0x000000068f500000, 0x000000068f500000| Untracked 
| 208|0x000000068f600000, 0x000000068f600000, 0x000000068f700000|  0%| F|  |TAMS 0x000000068f600000, 0x000000068f600000| Untracked 
| 209|0x000000068f700000, 0x000000068f700000, 0x000000068f800000|  0%| F|  |TAMS 0x000000068f700000, 0x000000068f700000| Untracked 
| 210|0x000000068f800000, 0x000000068f800000, 0x000000068f900000|  0%| F|  |TAMS 0x000000068f800000, 0x000000068f800000| Untracked 
| 211|0x000000068f900000, 0x000000068f900000, 0x000000068fa00000|  0%| F|  |TAMS 0x000000068f900000, 0x000000068f900000| Untracked 
| 212|0x000000068fa00000, 0x000000068fa00000, 0x000000068fb00000|  0%| F|  |TAMS 0x000000068fa00000, 0x000000068fa00000| Untracked 
| 213|0x000000068fb00000, 0x000000068fb00000, 0x000000068fc00000|  0%| F|  |TAMS 0x000000068fb00000, 0x000000068fb00000| Untracked 
| 214|0x000000068fc00000, 0x000000068fc00000, 0x000000068fd00000|  0%| F|  |TAMS 0x000000068fc00000, 0x000000068fc00000| Untracked 
| 215|0x000000068fd00000, 0x000000068fd00000, 0x000000068fe00000|  0%| F|  |TAMS 0x000000068fd00000, 0x000000068fd00000| Untracked 
| 216|0x000000068fe00000, 0x000000068fe00000, 0x000000068ff00000|  0%| F|  |TAMS 0x000000068fe00000, 0x000000068fe00000| Untracked 
| 217|0x000000068ff00000, 0x000000068ff00000, 0x0000000690000000|  0%| F|  |TAMS 0x000000068ff00000, 0x000000068ff00000| Untracked 
| 218|0x0000000690000000, 0x0000000690000000, 0x0000000690100000|  0%| F|  |TAMS 0x0000000690000000, 0x0000000690000000| Untracked 
| 219|0x0000000690100000, 0x0000000690100000, 0x0000000690200000|  0%| F|  |TAMS 0x0000000690100000, 0x0000000690100000| Untracked 
| 220|0x0000000690200000, 0x0000000690200000, 0x0000000690300000|  0%| F|  |TAMS 0x0000000690200000, 0x0000000690200000| Untracked 
| 221|0x0000000690300000, 0x0000000690300000, 0x0000000690400000|  0%| F|  |TAMS 0x0000000690300000, 0x0000000690300000| Untracked 
| 222|0x0000000690400000, 0x0000000690400000, 0x0000000690500000|  0%| F|  |TAMS 0x0000000690400000, 0x0000000690400000| Untracked 
| 223|0x0000000690500000, 0x0000000690500000, 0x0000000690600000|  0%| F|  |TAMS 0x0000000690500000, 0x0000000690500000| Untracked 
| 224|0x0000000690600000, 0x0000000690600000, 0x0000000690700000|  0%| F|  |TAMS 0x0000000690600000, 0x0000000690600000| Untracked 
| 225|0x0000000690700000, 0x0000000690700000, 0x0000000690800000|  0%| F|  |TAMS 0x0000000690700000, 0x0000000690700000| Untracked 
| 226|0x0000000690800000, 0x0000000690800000, 0x0000000690900000|  0%| F|  |TAMS 0x0000000690800000, 0x0000000690800000| Untracked 
| 227|0x0000000690900000, 0x0000000690900000, 0x0000000690a00000|  0%| F|  |TAMS 0x0000000690900000, 0x0000000690900000| Untracked 
| 228|0x0000000690a00000, 0x0000000690a00000, 0x0000000690b00000|  0%| F|  |TAMS 0x0000000690a00000, 0x0000000690a00000| Untracked 
| 229|0x0000000690b00000, 0x0000000690b00000, 0x0000000690c00000|  0%| F|  |TAMS 0x0000000690b00000, 0x0000000690b00000| Untracked 
| 230|0x0000000690c00000, 0x0000000690c00000, 0x0000000690d00000|  0%| F|  |TAMS 0x0000000690c00000, 0x0000000690c00000| Untracked 
| 231|0x0000000690d00000, 0x0000000690d00000, 0x0000000690e00000|  0%| F|  |TAMS 0x0000000690d00000, 0x0000000690d00000| Untracked 
| 232|0x0000000690e00000, 0x0000000690e00000, 0x0000000690f00000|  0%| F|  |TAMS 0x0000000690e00000, 0x0000000690e00000| Untracked 
| 233|0x0000000690f00000, 0x0000000690f00000, 0x0000000691000000|  0%| F|  |TAMS 0x0000000690f00000, 0x0000000690f00000| Untracked 
| 234|0x0000000691000000, 0x0000000691000000, 0x0000000691100000|  0%| F|  |TAMS 0x0000000691000000, 0x0000000691000000| Untracked 
| 235|0x0000000691100000, 0x0000000691100000, 0x0000000691200000|  0%| F|  |TAMS 0x0000000691100000, 0x0000000691100000| Untracked 
| 236|0x0000000691200000, 0x0000000691200000, 0x0000000691300000|  0%| F|  |TAMS 0x0000000691200000, 0x0000000691200000| Untracked 
| 237|0x0000000691300000, 0x0000000691300000, 0x0000000691400000|  0%| F|  |TAMS 0x0000000691300000, 0x0000000691300000| Untracked 
| 238|0x0000000691400000, 0x0000000691400000, 0x0000000691500000|  0%| F|  |TAMS 0x0000000691400000, 0x0000000691400000| Untracked 
| 239|0x0000000691500000, 0x0000000691500000, 0x0000000691600000|  0%| F|  |TAMS 0x0000000691500000, 0x0000000691500000| Untracked 
| 240|0x0000000691600000, 0x0000000691600000, 0x0000000691700000|  0%| F|  |TAMS 0x0000000691600000, 0x0000000691600000| Untracked 
| 241|0x0000000691700000, 0x0000000691700000, 0x0000000691800000|  0%| F|  |TAMS 0x0000000691700000, 0x0000000691700000| Untracked 
| 242|0x0000000691800000, 0x0000000691800000, 0x0000000691900000|  0%| F|  |TAMS 0x0000000691800000, 0x0000000691800000| Untracked 
| 243|0x0000000691900000, 0x0000000691900000, 0x0000000691a00000|  0%| F|  |TAMS 0x0000000691900000, 0x0000000691900000| Untracked 
| 244|0x0000000691a00000, 0x0000000691a00000, 0x0000000691b00000|  0%| F|  |TAMS 0x0000000691a00000, 0x0000000691a00000| Untracked 
| 245|0x0000000691b00000, 0x0000000691b00000, 0x0000000691c00000|  0%| F|  |TAMS 0x0000000691b00000, 0x0000000691b00000| Untracked 
| 246|0x0000000691c00000, 0x0000000691c00000, 0x0000000691d00000|  0%| F|  |TAMS 0x0000000691c00000, 0x0000000691c00000| Untracked 
| 247|0x0000000691d00000, 0x0000000691d00000, 0x0000000691e00000|  0%| F|  |TAMS 0x0000000691d00000, 0x0000000691d00000| Untracked 
| 248|0x0000000691e00000, 0x0000000691e00000, 0x0000000691f00000|  0%| F|  |TAMS 0x0000000691e00000, 0x0000000691e00000| Untracked 
| 249|0x0000000691f00000, 0x0000000691f00000, 0x0000000692000000|  0%| F|  |TAMS 0x0000000691f00000, 0x0000000691f00000| Untracked 
| 250|0x0000000692000000, 0x0000000692000000, 0x0000000692100000|  0%| F|  |TAMS 0x0000000692000000, 0x0000000692000000| Untracked 
| 251|0x0000000692100000, 0x0000000692100000, 0x0000000692200000|  0%| F|  |TAMS 0x0000000692100000, 0x0000000692100000| Untracked 
| 252|0x0000000692200000, 0x0000000692200000, 0x0000000692300000|  0%| F|  |TAMS 0x0000000692200000, 0x0000000692200000| Untracked 
| 253|0x0000000692300000, 0x0000000692300000, 0x0000000692400000|  0%| F|  |TAMS 0x0000000692300000, 0x0000000692300000| Untracked 
| 254|0x0000000692400000, 0x0000000692400000, 0x0000000692500000|  0%| F|  |TAMS 0x0000000692400000, 0x0000000692400000| Untracked 
| 255|0x0000000692500000, 0x0000000692500000, 0x0000000692600000|  0%| F|  |TAMS 0x0000000692500000, 0x0000000692500000| Untracked 
| 256|0x0000000692600000, 0x0000000692600000, 0x0000000692700000|  0%| F|  |TAMS 0x0000000692600000, 0x0000000692600000| Untracked 
| 257|0x0000000692700000, 0x0000000692700000, 0x0000000692800000|  0%| F|  |TAMS 0x0000000692700000, 0x0000000692700000| Untracked 
| 258|0x0000000692800000, 0x0000000692800000, 0x0000000692900000|  0%| F|  |TAMS 0x0000000692800000, 0x0000000692800000| Untracked 
| 259|0x0000000692900000, 0x0000000692900000, 0x0000000692a00000|  0%| F|  |TAMS 0x0000000692900000, 0x0000000692900000| Untracked 
| 260|0x0000000692a00000, 0x0000000692a00000, 0x0000000692b00000|  0%| F|  |TAMS 0x0000000692a00000, 0x0000000692a00000| Untracked 
| 261|0x0000000692b00000, 0x0000000692b00000, 0x0000000692c00000|  0%| F|  |TAMS 0x0000000692b00000, 0x0000000692b00000| Untracked 
| 262|0x0000000692c00000, 0x0000000692c00000, 0x0000000692d00000|  0%| F|  |TAMS 0x0000000692c00000, 0x0000000692c00000| Untracked 
| 263|0x0000000692d00000, 0x0000000692d00000, 0x0000000692e00000|  0%| F|  |TAMS 0x0000000692d00000, 0x0000000692d00000| Untracked 
| 264|0x0000000692e00000, 0x0000000692e00000, 0x0000000692f00000|  0%| F|  |TAMS 0x0000000692e00000, 0x0000000692e00000| Untracked 
| 265|0x0000000692f00000, 0x0000000692f00000, 0x0000000693000000|  0%| F|  |TAMS 0x0000000692f00000, 0x0000000692f00000| Untracked 
| 266|0x0000000693000000, 0x0000000693000000, 0x0000000693100000|  0%| F|  |TAMS 0x0000000693000000, 0x0000000693000000| Untracked 
| 267|0x0000000693100000, 0x0000000693100000, 0x0000000693200000|  0%| F|  |TAMS 0x0000000693100000, 0x0000000693100000| Untracked 
| 268|0x0000000693200000, 0x0000000693200000, 0x0000000693300000|  0%| F|  |TAMS 0x0000000693200000, 0x0000000693200000| Untracked 
| 269|0x0000000693300000, 0x0000000693300000, 0x0000000693400000|  0%| F|  |TAMS 0x0000000693300000, 0x0000000693300000| Untracked 
| 270|0x0000000693400000, 0x0000000693400000, 0x0000000693500000|  0%| F|  |TAMS 0x0000000693400000, 0x0000000693400000| Untracked 
| 271|0x0000000693500000, 0x0000000693500000, 0x0000000693600000|  0%| F|  |TAMS 0x0000000693500000, 0x0000000693500000| Untracked 
| 272|0x0000000693600000, 0x0000000693600000, 0x0000000693700000|  0%| F|  |TAMS 0x0000000693600000, 0x0000000693600000| Untracked 
| 273|0x0000000693700000, 0x0000000693700000, 0x0000000693800000|  0%| F|  |TAMS 0x0000000693700000, 0x0000000693700000| Untracked 
| 274|0x0000000693800000, 0x0000000693800000, 0x0000000693900000|  0%| F|  |TAMS 0x0000000693800000, 0x0000000693800000| Untracked 
| 275|0x0000000693900000, 0x0000000693900000, 0x0000000693a00000|  0%| F|  |TAMS 0x0000000693900000, 0x0000000693900000| Untracked 
| 276|0x0000000693a00000, 0x0000000693a00000, 0x0000000693b00000|  0%| F|  |TAMS 0x0000000693a00000, 0x0000000693a00000| Untracked 
| 277|0x0000000693b00000, 0x0000000693b00000, 0x0000000693c00000|  0%| F|  |TAMS 0x0000000693b00000, 0x0000000693b00000| Untracked 
| 278|0x0000000693c00000, 0x0000000693c00000, 0x0000000693d00000|  0%| F|  |TAMS 0x0000000693c00000, 0x0000000693c00000| Untracked 
| 279|0x0000000693d00000, 0x0000000693d00000, 0x0000000693e00000|  0%| F|  |TAMS 0x0000000693d00000, 0x0000000693d00000| Untracked 
| 280|0x0000000693e00000, 0x0000000693e00000, 0x0000000693f00000|  0%| F|  |TAMS 0x0000000693e00000, 0x0000000693e00000| Untracked 
| 281|0x0000000693f00000, 0x0000000693f00000, 0x0000000694000000|  0%| F|  |TAMS 0x0000000693f00000, 0x0000000693f00000| Untracked 
| 282|0x0000000694000000, 0x0000000694000000, 0x0000000694100000|  0%| F|  |TAMS 0x0000000694000000, 0x0000000694000000| Untracked 
| 283|0x0000000694100000, 0x0000000694100000, 0x0000000694200000|  0%| F|  |TAMS 0x0000000694100000, 0x0000000694100000| Untracked 
| 284|0x0000000694200000, 0x0000000694200000, 0x0000000694300000|  0%| F|  |TAMS 0x0000000694200000, 0x0000000694200000| Untracked 
| 285|0x0000000694300000, 0x0000000694300000, 0x0000000694400000|  0%| F|  |TAMS 0x0000000694300000, 0x0000000694300000| Untracked 
| 286|0x0000000694400000, 0x0000000694400000, 0x0000000694500000|  0%| F|  |TAMS 0x0000000694400000, 0x0000000694400000| Untracked 
| 287|0x0000000694500000, 0x0000000694500000, 0x0000000694600000|  0%| F|  |TAMS 0x0000000694500000, 0x0000000694500000| Untracked 
| 288|0x0000000694600000, 0x0000000694600000, 0x0000000694700000|  0%| F|  |TAMS 0x0000000694600000, 0x0000000694600000| Untracked 
| 289|0x0000000694700000, 0x0000000694700000, 0x0000000694800000|  0%| F|  |TAMS 0x0000000694700000, 0x0000000694700000| Untracked 
| 290|0x0000000694800000, 0x0000000694800000, 0x0000000694900000|  0%| F|  |TAMS 0x0000000694800000, 0x0000000694800000| Untracked 
| 291|0x0000000694900000, 0x0000000694900000, 0x0000000694a00000|  0%| F|  |TAMS 0x0000000694900000, 0x0000000694900000| Untracked 
| 292|0x0000000694a00000, 0x0000000694a00000, 0x0000000694b00000|  0%| F|  |TAMS 0x0000000694a00000, 0x0000000694a00000| Untracked 
| 293|0x0000000694b00000, 0x0000000694b00000, 0x0000000694c00000|  0%| F|  |TAMS 0x0000000694b00000, 0x0000000694b00000| Untracked 
| 294|0x0000000694c00000, 0x0000000694c00000, 0x0000000694d00000|  0%| F|  |TAMS 0x0000000694c00000, 0x0000000694c00000| Untracked 
| 295|0x0000000694d00000, 0x0000000694d00000, 0x0000000694e00000|  0%| F|  |TAMS 0x0000000694d00000, 0x0000000694d00000| Untracked 
| 296|0x0000000694e00000, 0x0000000694e00000, 0x0000000694f00000|  0%| F|  |TAMS 0x0000000694e00000, 0x0000000694e00000| Untracked 
| 297|0x0000000694f00000, 0x0000000694f00000, 0x0000000695000000|  0%| F|  |TAMS 0x0000000694f00000, 0x0000000694f00000| Untracked 
| 298|0x0000000695000000, 0x0000000695000000, 0x0000000695100000|  0%| F|  |TAMS 0x0000000695000000, 0x0000000695000000| Untracked 
| 299|0x0000000695100000, 0x0000000695100000, 0x0000000695200000|  0%| F|  |TAMS 0x0000000695100000, 0x0000000695100000| Untracked 
| 300|0x0000000695200000, 0x0000000695200000, 0x0000000695300000|  0%| F|  |TAMS 0x0000000695200000, 0x0000000695200000| Untracked 
| 301|0x0000000695300000, 0x0000000695300000, 0x0000000695400000|  0%| F|  |TAMS 0x0000000695300000, 0x0000000695300000| Untracked 
| 302|0x0000000695400000, 0x0000000695400000, 0x0000000695500000|  0%| F|  |TAMS 0x0000000695400000, 0x0000000695400000| Untracked 
| 303|0x0000000695500000, 0x0000000695500000, 0x0000000695600000|  0%| F|  |TAMS 0x0000000695500000, 0x0000000695500000| Untracked 
| 304|0x0000000695600000, 0x0000000695600000, 0x0000000695700000|  0%| F|  |TAMS 0x0000000695600000, 0x0000000695600000| Untracked 
| 305|0x0000000695700000, 0x0000000695700000, 0x0000000695800000|  0%| F|  |TAMS 0x0000000695700000, 0x0000000695700000| Untracked 
| 306|0x0000000695800000, 0x0000000695800000, 0x0000000695900000|  0%| F|  |TAMS 0x0000000695800000, 0x0000000695800000| Untracked 
| 307|0x0000000695900000, 0x0000000695900000, 0x0000000695a00000|  0%| F|  |TAMS 0x0000000695900000, 0x0000000695900000| Untracked 
| 308|0x0000000695a00000, 0x0000000695a00000, 0x0000000695b00000|  0%| F|  |TAMS 0x0000000695a00000, 0x0000000695a00000| Untracked 
| 309|0x0000000695b00000, 0x0000000695b00000, 0x0000000695c00000|  0%| F|  |TAMS 0x0000000695b00000, 0x0000000695b00000| Untracked 
| 310|0x0000000695c00000, 0x0000000695c00000, 0x0000000695d00000|  0%| F|  |TAMS 0x0000000695c00000, 0x0000000695c00000| Untracked 
| 311|0x0000000695d00000, 0x0000000695d00000, 0x0000000695e00000|  0%| F|  |TAMS 0x0000000695d00000, 0x0000000695d00000| Untracked 
| 312|0x0000000695e00000, 0x0000000695e00000, 0x0000000695f00000|  0%| F|  |TAMS 0x0000000695e00000, 0x0000000695e00000| Untracked 
| 313|0x0000000695f00000, 0x0000000695f00000, 0x0000000696000000|  0%| F|  |TAMS 0x0000000695f00000, 0x0000000695f00000| Untracked 
| 314|0x0000000696000000, 0x0000000696000000, 0x0000000696100000|  0%| F|  |TAMS 0x0000000696000000, 0x0000000696000000| Untracked 
| 315|0x0000000696100000, 0x0000000696100000, 0x0000000696200000|  0%| F|  |TAMS 0x0000000696100000, 0x0000000696100000| Untracked 
| 316|0x0000000696200000, 0x0000000696200000, 0x0000000696300000|  0%| F|  |TAMS 0x0000000696200000, 0x0000000696200000| Untracked 
| 317|0x0000000696300000, 0x0000000696300000, 0x0000000696400000|  0%| F|  |TAMS 0x0000000696300000, 0x0000000696300000| Untracked 
| 318|0x0000000696400000, 0x0000000696400000, 0x0000000696500000|  0%| F|  |TAMS 0x0000000696400000, 0x0000000696400000| Untracked 
| 319|0x0000000696500000, 0x0000000696500000, 0x0000000696600000|  0%| F|  |TAMS 0x0000000696500000, 0x0000000696500000| Untracked 
| 320|0x0000000696600000, 0x0000000696600000, 0x0000000696700000|  0%| F|  |TAMS 0x0000000696600000, 0x0000000696600000| Untracked 
| 321|0x0000000696700000, 0x0000000696700000, 0x0000000696800000|  0%| F|  |TAMS 0x0000000696700000, 0x0000000696700000| Untracked 
| 322|0x0000000696800000, 0x0000000696800000, 0x0000000696900000|  0%| F|  |TAMS 0x0000000696800000, 0x0000000696800000| Untracked 
| 323|0x0000000696900000, 0x0000000696900000, 0x0000000696a00000|  0%| F|  |TAMS 0x0000000696900000, 0x0000000696900000| Untracked 
| 324|0x0000000696a00000, 0x0000000696a00000, 0x0000000696b00000|  0%| F|  |TAMS 0x0000000696a00000, 0x0000000696a00000| Untracked 
| 325|0x0000000696b00000, 0x0000000696b00000, 0x0000000696c00000|  0%| F|  |TAMS 0x0000000696b00000, 0x0000000696b00000| Untracked 
| 326|0x0000000696c00000, 0x0000000696c00000, 0x0000000696d00000|  0%| F|  |TAMS 0x0000000696c00000, 0x0000000696c00000| Untracked 
| 327|0x0000000696d00000, 0x0000000696d00000, 0x0000000696e00000|  0%| F|  |TAMS 0x0000000696d00000, 0x0000000696d00000| Untracked 
| 328|0x0000000696e00000, 0x0000000696e00000, 0x0000000696f00000|  0%| F|  |TAMS 0x0000000696e00000, 0x0000000696e00000| Untracked 
| 329|0x0000000696f00000, 0x0000000696f00000, 0x0000000697000000|  0%| F|  |TAMS 0x0000000696f00000, 0x0000000696f00000| Untracked 
| 330|0x0000000697000000, 0x0000000697000000, 0x0000000697100000|  0%| F|  |TAMS 0x0000000697000000, 0x0000000697000000| Untracked 
| 331|0x0000000697100000, 0x0000000697100000, 0x0000000697200000|  0%| F|  |TAMS 0x0000000697100000, 0x0000000697100000| Untracked 
| 332|0x0000000697200000, 0x0000000697200000, 0x0000000697300000|  0%| F|  |TAMS 0x0000000697200000, 0x0000000697200000| Untracked 
| 333|0x0000000697300000, 0x0000000697300000, 0x0000000697400000|  0%| F|  |TAMS 0x0000000697300000, 0x0000000697300000| Untracked 
| 334|0x0000000697400000, 0x0000000697400000, 0x0000000697500000|  0%| F|  |TAMS 0x0000000697400000, 0x0000000697400000| Untracked 
| 335|0x0000000697500000, 0x0000000697500000, 0x0000000697600000|  0%| F|  |TAMS 0x0000000697500000, 0x0000000697500000| Untracked 
| 336|0x0000000697600000, 0x0000000697600000, 0x0000000697700000|  0%| F|  |TAMS 0x0000000697600000, 0x0000000697600000| Untracked 
| 337|0x0000000697700000, 0x0000000697700000, 0x0000000697800000|  0%| F|  |TAMS 0x0000000697700000, 0x0000000697700000| Untracked 
| 338|0x0000000697800000, 0x0000000697800000, 0x0000000697900000|  0%| F|  |TAMS 0x0000000697800000, 0x0000000697800000| Untracked 
| 339|0x0000000697900000, 0x0000000697900000, 0x0000000697a00000|  0%| F|  |TAMS 0x0000000697900000, 0x0000000697900000| Untracked 
| 340|0x0000000697a00000, 0x0000000697a00000, 0x0000000697b00000|  0%| F|  |TAMS 0x0000000697a00000, 0x0000000697a00000| Untracked 
| 341|0x0000000697b00000, 0x0000000697b00000, 0x0000000697c00000|  0%| F|  |TAMS 0x0000000697b00000, 0x0000000697b00000| Untracked 
| 342|0x0000000697c00000, 0x0000000697c00000, 0x0000000697d00000|  0%| F|  |TAMS 0x0000000697c00000, 0x0000000697c00000| Untracked 
| 343|0x0000000697d00000, 0x0000000697d00000, 0x0000000697e00000|  0%| F|  |TAMS 0x0000000697d00000, 0x0000000697d00000| Untracked 
| 344|0x0000000697e00000, 0x0000000697e00000, 0x0000000697f00000|  0%| F|  |TAMS 0x0000000697e00000, 0x0000000697e00000| Untracked 
| 345|0x0000000697f00000, 0x0000000697f00000, 0x0000000698000000|  0%| F|  |TAMS 0x0000000697f00000, 0x0000000697f00000| Untracked 
| 346|0x0000000698000000, 0x0000000698000000, 0x0000000698100000|  0%| F|  |TAMS 0x0000000698000000, 0x0000000698000000| Untracked 
| 347|0x0000000698100000, 0x0000000698100000, 0x0000000698200000|  0%| F|  |TAMS 0x0000000698100000, 0x0000000698100000| Untracked 
| 348|0x0000000698200000, 0x0000000698200000, 0x0000000698300000|  0%| F|  |TAMS 0x0000000698200000, 0x0000000698200000| Untracked 
| 349|0x0000000698300000, 0x0000000698300000, 0x0000000698400000|  0%| F|  |TAMS 0x0000000698300000, 0x0000000698300000| Untracked 
| 350|0x0000000698400000, 0x0000000698400000, 0x0000000698500000|  0%| F|  |TAMS 0x0000000698400000, 0x0000000698400000| Untracked 
| 351|0x0000000698500000, 0x0000000698500000, 0x0000000698600000|  0%| F|  |TAMS 0x0000000698500000, 0x0000000698500000| Untracked 
| 352|0x0000000698600000, 0x0000000698600000, 0x0000000698700000|  0%| F|  |TAMS 0x0000000698600000, 0x0000000698600000| Untracked 
| 353|0x0000000698700000, 0x0000000698700000, 0x0000000698800000|  0%| F|  |TAMS 0x0000000698700000, 0x0000000698700000| Untracked 
| 354|0x0000000698800000, 0x0000000698800000, 0x0000000698900000|  0%| F|  |TAMS 0x0000000698800000, 0x0000000698800000| Untracked 
| 355|0x0000000698900000, 0x0000000698a00000, 0x0000000698a00000|100%| S|CS|TAMS 0x0000000698900000, 0x0000000698900000| Complete 
| 356|0x0000000698a00000, 0x0000000698b00000, 0x0000000698b00000|100%| S|CS|TAMS 0x0000000698a00000, 0x0000000698a00000| Complete 
| 357|0x0000000698b00000, 0x0000000698c00000, 0x0000000698c00000|100%| S|CS|TAMS 0x0000000698b00000, 0x0000000698b00000| Complete 
| 358|0x0000000698c00000, 0x0000000698c00000, 0x0000000698d00000|  0%| F|  |TAMS 0x0000000698c00000, 0x0000000698c00000| Untracked 
| 359|0x0000000698d00000, 0x0000000698d00000, 0x0000000698e00000|  0%| F|  |TAMS 0x0000000698d00000, 0x0000000698d00000| Untracked 
| 360|0x0000000698e00000, 0x0000000698e00000, 0x0000000698f00000|  0%| F|  |TAMS 0x0000000698e00000, 0x0000000698e00000| Untracked 
| 361|0x0000000698f00000, 0x0000000698f00000, 0x0000000699000000|  0%| F|  |TAMS 0x0000000698f00000, 0x0000000698f00000| Untracked 
| 362|0x0000000699000000, 0x0000000699000000, 0x0000000699100000|  0%| F|  |TAMS 0x0000000699000000, 0x0000000699000000| Untracked 
| 363|0x0000000699100000, 0x0000000699100000, 0x0000000699200000|  0%| F|  |TAMS 0x0000000699100000, 0x0000000699100000| Untracked 
| 364|0x0000000699200000, 0x0000000699200000, 0x0000000699300000|  0%| F|  |TAMS 0x0000000699200000, 0x0000000699200000| Untracked 
| 365|0x0000000699300000, 0x0000000699300000, 0x0000000699400000|  0%| F|  |TAMS 0x0000000699300000, 0x0000000699300000| Untracked 
| 366|0x0000000699400000, 0x0000000699400000, 0x0000000699500000|  0%| F|  |TAMS 0x0000000699400000, 0x0000000699400000| Untracked 
| 367|0x0000000699500000, 0x00000006995b3740, 0x0000000699600000| 70%| E|  |TAMS 0x0000000699500000, 0x0000000699500000| Complete 
| 368|0x0000000699600000, 0x00000006996fb3c0, 0x0000000699700000| 98%| E|  |TAMS 0x0000000699600000, 0x0000000699600000| Complete 
| 369|0x0000000699700000, 0x0000000699800000, 0x0000000699800000|100%| E|CS|TAMS 0x0000000699700000, 0x0000000699700000| Complete 
| 370|0x0000000699800000, 0x0000000699900000, 0x0000000699900000|100%| E|CS|TAMS 0x0000000699800000, 0x0000000699800000| Complete 
| 371|0x0000000699900000, 0x0000000699a00000, 0x0000000699a00000|100%| E|CS|TAMS 0x0000000699900000, 0x0000000699900000| Complete 
| 372|0x0000000699a00000, 0x0000000699b00000, 0x0000000699b00000|100%| E|CS|TAMS 0x0000000699a00000, 0x0000000699a00000| Complete 
| 373|0x0000000699b00000, 0x0000000699c00000, 0x0000000699c00000|100%| E|CS|TAMS 0x0000000699b00000, 0x0000000699b00000| Complete 
| 374|0x0000000699c00000, 0x0000000699d00000, 0x0000000699d00000|100%| E|CS|TAMS 0x0000000699c00000, 0x0000000699c00000| Complete 
| 375|0x0000000699d00000, 0x0000000699e00000, 0x0000000699e00000|100%| E|CS|TAMS 0x0000000699d00000, 0x0000000699d00000| Complete 
| 376|0x0000000699e00000, 0x0000000699f00000, 0x0000000699f00000|100%| E|CS|TAMS 0x0000000699e00000, 0x0000000699e00000| Complete 
| 377|0x0000000699f00000, 0x000000069a000000, 0x000000069a000000|100%| E|CS|TAMS 0x0000000699f00000, 0x0000000699f00000| Complete 
| 378|0x000000069a000000, 0x000000069a100000, 0x000000069a100000|100%| E|CS|TAMS 0x000000069a000000, 0x000000069a000000| Complete 
| 379|0x000000069a100000, 0x000000069a200000, 0x000000069a200000|100%| E|CS|TAMS 0x000000069a100000, 0x000000069a100000| Complete 
| 380|0x000000069a200000, 0x000000069a300000, 0x000000069a300000|100%| E|CS|TAMS 0x000000069a200000, 0x000000069a200000| Complete 
| 381|0x000000069a300000, 0x000000069a400000, 0x000000069a400000|100%| E|CS|TAMS 0x000000069a300000, 0x000000069a300000| Complete 

Card table byte_map: [0x000001793c7f0000,0x000001793d3e0000] _byte_map_base: 0x00000179393dd000

Marking Bits (Prev, Next): (CMBitMap*) 0x0000017924323028, (CMBitMap*) 0x0000017924323068
 Prev Bits: [0x000001793dfd0000, 0x0000017943f38000)
 Next Bits: [0x0000017943f40000, 0x0000017949ea8000)

Polling page: 0x0000017923a70000

Metaspace:

Usage:
  Non-class:     11.26 MB capacity,    11.02 MB ( 98%) used,   213.20 KB (  2%) free+waste,    33.75 KB ( <1%) overhead. 
      Class:      1.62 MB capacity,     1.47 MB ( 91%) used,   132.54 KB (  8%) free+waste,    18.81 KB (  1%) overhead. 
       Both:     12.88 MB capacity,    12.49 MB ( 97%) used,   345.74 KB (  3%) free+waste,    52.56 KB ( <1%) overhead. 

Virtual space:
  Non-class space:       12.00 MB reserved,      11.50 MB ( 96%) committed 
      Class space:        1.00 GB reserved,       1.63 MB ( <1%) committed 
             Both:        1.01 GB reserved,      13.13 MB (  1%) committed 

Chunk freelists:
   Non-Class:  6.13 KB
       Class:  1.13 KB
        Both:  7.25 KB

CodeHeap 'non-profiled nmethods': size=120000Kb used=918Kb max_used=918Kb free=119082Kb
 bounds [0x0000017934170000, 0x00000179343e0000, 0x000001793b6a0000]
CodeHeap 'profiled nmethods': size=120000Kb used=4825Kb max_used=4825Kb free=115174Kb
 bounds [0x000001792cc40000, 0x000001792d100000, 0x0000017934170000]
CodeHeap 'non-nmethods': size=5760Kb used=1274Kb max_used=1295Kb free=4485Kb
 bounds [0x000001792c6a0000, 0x000001792c910000, 0x000001792cc40000]
 total_blobs=3410 nmethods=2254 adapters=562
 compilation: enabled
              stopped_count=0, restarted_count=0
 full_count=0

Compilation events (10 events):
Event: 16.067 Thread 0x000001794d64a800 2281       3       java.awt.Component$1::getPeer (5 bytes)
Event: 16.067 Thread 0x000001794d64a800 nmethod 2281 0x000001792d0f2910 code [0x000001792d0f2ac0, 0x000001792d0f2c58]
Event: 16.074 Thread 0x000001794d8c5800 2282       4       java.awt.Component::isLightweight (8 bytes)
Event: 16.074 Thread 0x000001794d8c5800 nmethod 2282 0x0000017934251b10 code [0x0000017934251ca0, 0x0000017934251d78]
Event: 16.075 Thread 0x000001794d64a800 2283       3       javax.swing.ArrayTable::containsKey (75 bytes)
Event: 16.075 Thread 0x000001794d64a800 nmethod 2283 0x000001792d0f2d10 code [0x000001792d0f2f20, 0x000001792d0f37c0]
Event: 16.075 Thread 0x000001794d719800 2284 %     4       sun.font.FontDesignMetrics::charsWidth @ 82 (188 bytes)
Event: 16.076 Thread 0x000001794d64a800 2285       3       javax.swing.text.Utilities::getTabbedTextWidth (363 bytes)
Event: 16.076 Thread 0x000001794d64a800 nmethod 2285 0x000001792d0f3990 code [0x000001792d0f3c40, 0x000001792d0f4bd0]
Event: 16.081 Thread 0x000001794d719800 nmethod 2284% 0x0000017934251e10 code [0x0000017934252040, 0x00000179342529a8]

GC Heap History (2 events):
Event: 15.849 GC heap before
{Heap before GC invocations=0 (full 0):
 garbage-first heap   total 391168K, used 27648K [0x0000000682600000, 0x0000000800000000)
  region size 1024K, 24 young (24576K), 0 survivors (0K)
 Metaspace       used 12135K, capacity 12459K, committed 12672K, reserved 1060864K
  class space    used 1436K, capacity 1581K, committed 1664K, reserved 1048576K
}
Event: 15.857 GC heap after
{Heap after GC invocations=1 (full 0):
 garbage-first heap   total 391168K, used 11780K [0x0000000682600000, 0x0000000800000000)
  region size 1024K, 3 young (3072K), 3 survivors (3072K)
 Metaspace       used 12135K, capacity 12459K, committed 12672K, reserved 1060864K
  class space    used 1436K, capacity 1581K, committed 1664K, reserved 1048576K
}

Deoptimization events (10 events):
Event: 5.461 Thread 0x0000017951a70800 Uncommon trap: reason=unstable_if action=reinterpret pc=0x00000179341ededc method=java.util.concurrent.LinkedBlockingQueue.offer(Ljava/lang/Object;)Z @ 122 c2
Event: 7.759 Thread 0x000001794dbff000 Uncommon trap: reason=unstable_fused_if action=reinterpret pc=0x00000179341b7630 method=jdk.internal.org.objectweb.asm.Frame.execute(IILjdk/internal/org/objectweb/asm/Symbol;Ljdk/internal/org/objectweb/asm/SymbolTable;)V @ 1 c2
Event: 15.774 Thread 0x000001794dbff000 Uncommon trap: reason=class_check action=maybe_recompile pc=0x0000017934218e5c method=java.awt.Container.getMouseEventTargetImpl(IIZLjava/awt/Container$EventTargetFilter;ZZ)Ljava/awt/Component; @ 191 c2
Event: 15.779 Thread 0x000001794daf4800 Uncommon trap: reason=unstable_if action=reinterpret pc=0x000001793421b430 method=sun.awt.AWTAutoShutdown.isReadyToShutdown()Z @ 16 c2
Event: 15.779 Thread 0x000001794daef000 Uncommon trap: reason=unstable_if action=reinterpret pc=0x0000017934215864 method=sun.awt.AWTAutoShutdown.isReadyToShutdown()Z @ 16 c2
Event: 15.871 Thread 0x000001792429e800 Uncommon trap: reason=unstable_if action=reinterpret pc=0x000001793421a800 method=java.lang.ref.SoftReference.get()Ljava/lang/Object; @ 17 c2
Event: 15.970 Thread 0x000001792429e800 Uncommon trap: reason=intrinsic_or_type_checked_inlining action=make_not_entrant pc=0x0000017934223ef4 method=java.util.Arrays.copyOf([Ljava/lang/Object;ILjava/lang/Class;)[Ljava/lang/Object; @ 35 c2
Event: 16.005 Thread 0x000001792429e800 Uncommon trap: reason=unstable_if action=reinterpret pc=0x00000179342404b0 method=java.lang.AbstractStringBuilder.appendChars(Ljava/lang/CharSequence;II)V @ 43 c2
Event: 16.005 Thread 0x000001792429e800 Uncommon trap: reason=unstable_if action=reinterpret pc=0x00000179342382f0 method=java.lang.AbstractStringBuilder.appendChars(Ljava/lang/CharSequence;II)V @ 4 c2
Event: 16.075 Thread 0x000001792429e800 Uncommon trap: reason=unstable_if action=reinterpret pc=0x0000017934251044 method=javax.swing.text.Utilities.getTabbedTextWidth(Ljavax/swing/text/View;Ljavax/swing/text/Segment;Ljava/awt/FontMetrics;FLjavax/swing/text/TabExpander;I[IZ)F @ 300 c2

Classes redefined (0 events):
No events

Internal exceptions (10 events):
Event: 0.202 Thread 0x000001792429e800 Exception <a 'java/lang/NoSuchMethodError'{0x000000069a16ba78}: java.lang.invoke.DirectMethodHandle$Holder.invokeStatic(Ljava/lang/Object;Ljava/lang/Object;Ljava/lang/Object;Ljava/lang/Object;Ljava/lang/Object;Ljava/lang/Object;Ljava/lang/Object;J)Ljava/l
Event: 0.228 Thread 0x000001792429e800 Exception <a 'java/lang/NoSuchMethodError'{0x000000069a08f680}: java.lang.invoke.DirectMethodHandle$Holder.invokeStatic(Ljava/lang/Object;ILjava/lang/Object;Ljava/lang/Object;Ljava/lang/Object;Ljava/lang/Object;)Ljava/lang/Object;> (0x000000069a08f680) th
Event: 0.228 Thread 0x000001792429e800 Exception <a 'java/lang/NoSuchMethodError'{0x000000069a0962a0}: java.lang.invoke.DirectMethodHandle$Holder.invokeStatic(Ljava/lang/Object;ILjava/lang/Object;Ljava/lang/Object;Ljava/lang/Object;)Ljava/lang/Object;> (0x000000069a0962a0) thrown at [t:/worksp
Event: 0.229 Thread 0x000001792429e800 Exception <a 'java/lang/NoSuchMethodError'{0x000000069a099af8}: java.lang.invoke.DirectMethodHandle$Holder.invokeSpecial(Ljava/lang/Object;Ljava/lang/Object;ILjava/lang/Object;Ljava/lang/Object;Ljava/lang/Object;)Ljava/lang/Object;> (0x000000069a099af8) t
Event: 0.250 Thread 0x000001792429e800 Exception <a 'java/lang/ClassNotFoundException'{0x0000000699f5b898}: com/sun/swing/internal/plaf/metal/resources/spi/metalProvider> (0x0000000699f5b898) thrown at [t:/workspace/open/src/hotspot/share/classfile/systemDictionary.cpp, line 235]
Event: 0.251 Thread 0x000001792429e800 Exception <a 'java/lang/ClassNotFoundException'{0x0000000699f62068}: com/sun/swing/internal/plaf/basic/resources/spi/basicProvider> (0x0000000699f62068) thrown at [t:/workspace/open/src/hotspot/share/classfile/systemDictionary.cpp, line 235]
Event: 0.353 Thread 0x000001792429e800 Exception <a 'java/io/FileNotFoundException'{0x0000000699d891b8}> (0x0000000699d891b8) thrown at [t:/workspace/open/src/hotspot/share/prims/jni.cpp, line 615]
Event: 0.353 Thread 0x000001792429e800 Exception <a 'java/lang/NullPointerException'{0x0000000699d89a18}> (0x0000000699d89a18) thrown at [t:/workspace/open/src/hotspot/share/interpreter/linkResolver.cpp, line 1356]
Event: 0.940 Thread 0x000001792429e800 Exception <a 'java/lang/NoSuchMethodError'{0x0000000699b10500}: java.lang.invoke.DirectMethodHandle$Holder.invokeStaticInit(Ljava/lang/Object;)V> (0x0000000699b10500) thrown at [t:/workspace/open/src/hotspot/share/interpreter/linkResolver.cpp, line 777]
Event: 0.944 Thread 0x000001792429e800 Exception <a 'java/lang/NoSuchMethodError'{0x0000000699b3ad98}: java.lang.invoke.Invokers$Holder.linkToTargetMethod(Ljava/lang/Object;ILjava/lang/Object;)Ljava/lang/Object;> (0x0000000699b3ad98) thrown at [t:/workspace/open/src/hotspot/share/interpreter/l

Events (10 events):
Event: 16.075 loading class javax/sound/sampled/LineListener
Event: 16.075 loading class javax/sound/sampled/LineListener done
Event: 16.075 loading class javax/swing/plaf/basic/BasicLookAndFeel$AudioAction done
Event: 16.075 loading class java/awt/GridBagLayoutInfo
Event: 16.075 loading class java/awt/GridBagLayoutInfo done
Event: 16.075 Thread 0x000001792429e800 Uncommon trap: trap_request=0xffffff4d fr.pc=0x0000017934251044 relative=0x0000000000000284
Event: 16.075 Thread 0x000001792429e800 DEOPT PACKING pc=0x0000017934251044 sp=0x0000004e8c8fd9f0
Event: 16.075 Thread 0x000001792429e800 DEOPT UNPACKING pc=0x000001792c6c9c2f sp=0x0000004e8c8fd960 mode 2
Event: 16.077 Thread 0x000001792429e800 DEOPT PACKING pc=0x000001792d0f4a7a sp=0x0000004e8c8fdad0
Event: 16.077 Thread 0x000001792429e800 DEOPT UNPACKING pc=0x000001792c6c9a4e sp=0x0000004e8c8fcfc0 mode 0


Dynamic libraries:
0x00007ff60ddf0000 - 0x00007ff60ddff000 	C:\Program Files\Java\jdk-12.0.1\bin\javaw.exe
0x00007ffe55360000 - 0x00007ffe55550000 	C:\windows\SYSTEM32\ntdll.dll
0x00007ffe546f0000 - 0x00007ffe547a2000 	C:\windows\System32\KERNEL32.DLL
0x00007ffe52e70000 - 0x00007ffe53114000 	C:\windows\System32\KERNELBASE.dll
0x00007ffe532e0000 - 0x00007ffe533da000 	C:\windows\System32\ucrtbase.dll
0x00007ffe3b150000 - 0x00007ffe3b168000 	C:\Program Files\Java\jdk-12.0.1\bin\jli.dll
0x00007ffe384b0000 - 0x00007ffe384c6000 	C:\Program Files\Java\jdk-12.0.1\bin\VCRUNTIME140.dll
0x00007ffe54330000 - 0x00007ffe543d3000 	C:\windows\System32\ADVAPI32.dll
0x00007ffe55280000 - 0x00007ffe5531e000 	C:\windows\System32\msvcrt.dll
0x00007ffe55050000 - 0x00007ffe550e7000 	C:\windows\System32\sechost.dll
0x00007ffe54dc0000 - 0x00007ffe54ee0000 	C:\windows\System32\RPCRT4.dll
0x00007ffe54c10000 - 0x00007ffe54da4000 	C:\windows\System32\USER32.dll
0x00007ffe533e0000 - 0x00007ffe53401000 	C:\windows\System32\win32u.dll
0x00007ffe3a800000 - 0x00007ffe3aa84000 	C:\windows\WinSxS\amd64_microsoft.windows.common-controls_6595b64144ccf1df_6.0.18362.959_none_e6c7bbbf130c62bb\COMCTL32.dll
0x00007ffe54ad0000 - 0x00007ffe54af6000 	C:\windows\System32\GDI32.dll
0x00007ffe53410000 - 0x00007ffe53745000 	C:\windows\System32\combase.dll
0x00007ffe53120000 - 0x00007ffe532b6000 	C:\windows\System32\gdi32full.dll
0x00007ffe52a70000 - 0x00007ffe52af0000 	C:\windows\System32\bcryptPrimitives.dll
0x00007ffe52af0000 - 0x00007ffe52b8e000 	C:\windows\System32\msvcp_win.dll
0x00007ffe497e0000 - 0x00007ffe497ea000 	C:\windows\SYSTEM32\VERSION.dll
0x00007ffe55020000 - 0x00007ffe5504e000 	C:\windows\System32\IMM32.DLL
0x00007ffe15ad0000 - 0x00007ffe15b7a000 	C:\Program Files\Java\jdk-12.0.1\bin\msvcp140.dll
0x00007ffdd4920000 - 0x00007ffdd5494000 	C:\Program Files\Java\jdk-12.0.1\bin\server\jvm.dll
0x00007ffe54ac0000 - 0x00007ffe54ac8000 	C:\windows\System32\PSAPI.DLL
0x00007ffe4ead0000 - 0x00007ffe4eaf4000 	C:\windows\SYSTEM32\WINMM.dll
0x00007ffe3b010000 - 0x00007ffe3b019000 	C:\windows\SYSTEM32\WSOCK32.dll
0x00007ffe54fb0000 - 0x00007ffe5501f000 	C:\windows\System32\WS2_32.dll
0x00007ffe4eaa0000 - 0x00007ffe4eacd000 	C:\windows\SYSTEM32\WINMMBASE.dll
0x00007ffe52d70000 - 0x00007ffe52dba000 	C:\windows\System32\cfgmgr32.dll
0x00007ffe522c0000 - 0x00007ffe522d1000 	C:\windows\System32\kernel.appcore.dll
0x00007ffe2d910000 - 0x00007ffe2d921000 	C:\Program Files\Java\jdk-12.0.1\bin\verify.dll
0x00007ffe50af0000 - 0x00007ffe50ce4000 	C:\windows\SYSTEM32\DBGHELP.DLL
0x00007ffe30cc0000 - 0x00007ffe30cea000 	C:\windows\SYSTEM32\dbgcore.DLL
0x00007ffe200d0000 - 0x00007ffe200f6000 	C:\Program Files\Java\jdk-12.0.1\bin\java.dll
0x00007ffe28090000 - 0x00007ffe280a7000 	C:\Program Files\Java\jdk-12.0.1\bin\zip.dll
0x00007ffe385b0000 - 0x00007ffe385ba000 	C:\Program Files\Java\jdk-12.0.1\bin\jimage.dll
0x00007ffe53c40000 - 0x00007ffe54326000 	C:\windows\System32\SHELL32.dll
0x00007ffe54b60000 - 0x00007ffe54c09000 	C:\windows\System32\shcore.dll
0x00007ffe522e0000 - 0x00007ffe52a62000 	C:\windows\System32\windows.storage.dll
0x00007ffe52240000 - 0x00007ffe52263000 	C:\windows\System32\profapi.dll
0x00007ffe52270000 - 0x00007ffe522ba000 	C:\windows\System32\powrprof.dll
0x00007ffe52210000 - 0x00007ffe52220000 	C:\windows\System32\UMPDC.dll
0x00007ffe551a0000 - 0x00007ffe551f2000 	C:\windows\System32\shlwapi.dll
0x00007ffe532c0000 - 0x00007ffe532d7000 	C:\windows\System32\cryptsp.dll
0x00007ffe277e0000 - 0x00007ffe277f9000 	C:\Program Files\Java\jdk-12.0.1\bin\net.dll
0x00007ffe41840000 - 0x00007ffe41930000 	C:\windows\SYSTEM32\WINHTTP.dll
0x00007ffe3a4e0000 - 0x00007ffe3a6b6000 	C:\windows\SYSTEM32\urlmon.dll
0x00007ffe3d190000 - 0x00007ffe3d436000 	C:\windows\SYSTEM32\iertutil.dll
0x00007ffe51bb0000 - 0x00007ffe51bbc000 	C:\windows\SYSTEM32\CRYPTBASE.DLL
0x00007ffe51a30000 - 0x00007ffe51a97000 	C:\windows\system32\mswsock.dll
0x00007ffe24970000 - 0x00007ffe24983000 	C:\Program Files\Java\jdk-12.0.1\bin\nio.dll
0x00007ffe0fd50000 - 0x00007ffe0feef000 	C:\Program Files\Java\jdk-12.0.1\bin\awt.dll
0x00007ffe54590000 - 0x00007ffe54655000 	C:\windows\System32\OLEAUT32.dll
0x00007ffe4ebd0000 - 0x00007ffe4f190000 	C:\windows\SYSTEM32\d2d1.dll
0x00007ffe4ffc0000 - 0x00007ffe5004f000 	C:\windows\SYSTEM32\apphelp.dll
0x00007ffe50190000 - 0x00007ffe50229000 	C:\windows\system32\uxtheme.dll
0x00007ffe54920000 - 0x00007ffe54a55000 	C:\windows\System32\MSCTF.dll
0x00007ffe547c0000 - 0x00007ffe54917000 	C:\windows\System32\ole32.dll
0x00007ffe505c0000 - 0x00007ffe505ed000 	C:\windows\system32\DWMAPI.DLL
0x00007ffe3a6c0000 - 0x00007ffe3a769000 	C:\windows\WinSxS\amd64_microsoft.windows.common-controls_6595b64144ccf1df_5.82.18362.959_none_2a27bd024669d2fe\comctl32.dll
0x00007ffe23840000 - 0x00007ffe238c0000 	C:\Program Files\Java\jdk-12.0.1\bin\freetype.dll
0x00007ffe27980000 - 0x00007ffe279ef000 	C:\Program Files\Java\jdk-12.0.1\bin\fontmanager.dll
0x00007ffe22840000 - 0x00007ffe22996000 	C:\windows\system32\opengl32.dll
0x00007ffe22810000 - 0x00007ffe2283c000 	C:\windows\SYSTEM32\GLU32.dll
0x00007ffe50e20000 - 0x00007ffe50e40000 	C:\windows\SYSTEM32\dxcore.dll
0x00007ffe550f0000 - 0x00007ffe55192000 	C:\windows\System32\clbcatq.dll
0x00007ffe384d0000 - 0x00007ffe384e6000 	C:\windows\system32\NetworkExplorer.dll
0x00007ffe4e630000 - 0x00007ffe4e720000 	C:\windows\system32\PROPSYS.dll
0x00007ffe38e70000 - 0x00007ffe38e8b000 	C:\windows\SYSTEM32\MPR.dll
0x00007ffe12750000 - 0x00007ffe1276b000 	C:\windows\System32\p9np.dll
0x00007ffe12740000 - 0x00007ffe1274b000 	C:\windows\System32\drprov.dll
0x00007ffe51510000 - 0x00007ffe51566000 	C:\windows\System32\WINSTA.dll
0x00007ffe12720000 - 0x00007ffe12735000 	C:\windows\System32\ntlanman.dll
0x00007ffe12700000 - 0x00007ffe1271d000 	C:\windows\System32\davclnt.dll
0x00007ffe126f0000 - 0x00007ffe126fc000 	C:\windows\System32\DAVHLPR.dll
0x00007ffe4c750000 - 0x00007ffe4c767000 	C:\windows\System32\wkscli.dll
0x00007ffe52b90000 - 0x00007ffe52bb6000 	C:\windows\System32\bcrypt.dll
0x00007ffe37cc0000 - 0x00007ffe37cd2000 	C:\windows\SYSTEM32\cscapi.dll
0x00007ffe51860000 - 0x00007ffe5186c000 	C:\windows\System32\netutils.dll
0x00007ffe23440000 - 0x00007ffe23493000 	C:\Windows\System32\dlnashext.dll
0x00007ffe1ee00000 - 0x00007ffe1ee64000 	C:\Windows\System32\PlayToDevice.dll
0x00007ffe3dd00000 - 0x00007ffe3dd20000 	C:\Windows\System32\DevDispItemProvider.dll
0x00007ffe49e90000 - 0x00007ffe49f02000 	C:\windows\System32\MMDevApi.dll
0x00007ffe52010000 - 0x00007ffe5203a000 	C:\windows\System32\DEVOBJ.dll
0x00007ffe18440000 - 0x00007ffe184db000 	C:\windows\system32\wpdshext.dll
0x00007ffe3aa90000 - 0x00007ffe3ac33000 	C:\windows\WinSxS\amd64_microsoft.windows.gdiplus_6595b64144ccf1df_1.1.18362.959_none_17b2aea46d9edc89\gdiplus.dll
0x00007ffe4a6d0000 - 0x00007ffe4a76e000 	C:\Windows\System32\PortableDeviceApi.dll
0x00007ffe537d0000 - 0x00007ffe53c40000 	C:\windows\System32\SETUPAPI.dll
0x00007ffe52bc0000 - 0x00007ffe52c1c000 	C:\windows\System32\WINTRUST.dll
0x00007ffe52220000 - 0x00007ffe52232000 	C:\windows\System32\MSASN1.dll
0x00007ffe52c20000 - 0x00007ffe52d69000 	C:\windows\System32\CRYPT32.dll
0x00007ffe16300000 - 0x00007ffe16337000 	C:\Windows\System32\EhStorShell.dll
0x00007ffe202f0000 - 0x00007ffe20315000 	C:\Windows\System32\EhStorAPI.dll
0x00007ffe4e610000 - 0x00007ffe4e623000 	C:\Windows\System32\WTSAPI32.dll
0x00007ffe1bee0000 - 0x00007ffe1beed000 	C:\windows\SYSTEM32\LINKINFO.dll
0x00007ffe20ef0000 - 0x00007ffe20f83000 	C:\Windows\System32\appresolver.dll
0x00007ffe510c0000 - 0x00007ffe510e7000 	C:\Windows\System32\SLC.dll
0x00007ffe4b860000 - 0x00007ffe4b8bd000 	C:\Windows\System32\Bcp47Langs.dll
0x00007ffe52130000 - 0x00007ffe52155000 	C:\Windows\System32\USERENV.dll
0x00007ffe51090000 - 0x00007ffe510b6000 	C:\Windows\System32\sppc.dll
0x00007ffe4be90000 - 0x00007ffe4c03f000 	C:\windows\SYSTEM32\WindowsCodecs.dll
0x00007ffe1fe40000 - 0x00007ffe1fe7a000 	C:\windows\system32\dataexchange.dll
0x00007ffe4f190000 - 0x00007ffe4f3eb000 	C:\windows\system32\d3d11.dll
0x00007ffe4f850000 - 0x00007ffe4fa2d000 	C:\windows\system32\dcomp.dll
0x00007ffe50eb0000 - 0x00007ffe50f9b000 	C:\windows\system32\dxgi.dll
0x00007ffe50260000 - 0x00007ffe504c2000 	C:\windows\system32\twinapi.appcore.dll
0x00007ffe506d0000 - 0x00007ffe506f9000 	C:\windows\system32\RMCLIENT.dll
0x00007ffe25e30000 - 0x00007ffe25ece000 	C:\windows\System32\TextInputFramework.dll
0x00007ffe4c770000 - 0x00007ffe4ca9a000 	C:\windows\System32\CoreUIComponents.dll
0x00007ffe4fa30000 - 0x00007ffe4fb04000 	C:\windows\System32\CoreMessaging.dll
0x00007ffe512c0000 - 0x00007ffe512f1000 	C:\windows\SYSTEM32\ntmarta.dll
0x00007ffe4d660000 - 0x00007ffe4d7b3000 	C:\windows\SYSTEM32\wintypes.dll

dbghelp: loaded successfully - version: 4.0.5 - missing functions: none
symbol engine: initialized successfully - sym options: 0x614 - pdb path: .;C:\Program Files\Java\jdk-12.0.1\bin;C:\windows\SYSTEM32;C:\windows\WinSxS\amd64_microsoft.windows.common-controls_6595b64144ccf1df_6.0.18362.959_none_e6c7bbbf130c62bb;C:\Program Files\Java\jdk-12.0.1\bin\server;C:\windows\WinSxS\amd64_microsoft.windows.common-controls_6595b64144ccf1df_5.82.18362.959_none_2a27bd024669d2fe;C:\windows\WinSxS\amd64_microsoft.windows.gdiplus_6595b64144ccf1df_1.1.18362.959_none_17b2aea46d9edc89

VM Arguments:
jvm_args: -Dfile.encoding=UTF-8 
java_command: com.khjxiaogu.factorio.composer.FactorioComposer
java_class_path (initial): H:\eclipse-workspace\FactorioComposer\target\classes;C:\Users\19053\.m2\repository\com\google\code\gson\gson\2.8.6\gson-2.8.6.jar
Launcher Type: SUN_STANDARD

[Global flags]
     intx CICompilerCount                          = 4                                         {product} {ergonomic}
     uint ConcGCThreads                            = 3                                         {product} {ergonomic}
     uint G1ConcRefinementThreads                  = 10                                        {product} {ergonomic}
   size_t G1HeapRegionSize                         = 1048576                                   {product} {ergonomic}
    uintx GCDrainStackTargetSize                   = 64                                        {product} {ergonomic}
   size_t InitialHeapSize                          = 400556032                                 {product} {ergonomic}
   size_t MarkStackSize                            = 4194304                                   {product} {ergonomic}
   size_t MaxHeapSize                              = 6402605056                                {product} {ergonomic}
   size_t MaxNewSize                               = 3840933888                                {product} {ergonomic}
   size_t MinHeapDeltaBytes                        = 1048576                                   {product} {ergonomic}
    uintx NonNMethodCodeHeapSize                   = 5836300                                {pd product} {ergonomic}
    uintx NonProfiledCodeHeapSize                  = 122910970                              {pd product} {ergonomic}
    uintx ProfiledCodeHeapSize                     = 122910970                              {pd product} {ergonomic}
    uintx ReservedCodeCacheSize                    = 251658240                              {pd product} {ergonomic}
     bool SegmentedCodeCache                       = true                                      {product} {ergonomic}
     bool UseCompressedClassPointers               = true                                 {lp64_product} {ergonomic}
     bool UseCompressedOops                        = true                                 {lp64_product} {ergonomic}
     bool UseG1GC                                  = true                                      {product} {ergonomic}
     bool UseLargePagesIndividualAllocation        = false                                  {pd product} {ergonomic}

Logging:
Log output configuration:
 #0: stdout all=warning uptime,level,tags
 #1: stderr all=off uptime,level,tags

Environment Variables:
JAVA_HOME=C:\Program Files\Java\jdk-12.0.1
PATH=C:/Program Files/Java/jdk-12.0.1/bin/server;C:/Program Files/Java/jdk-12.0.1/bin;C:\Program Files (x86)\Common Files\Intel\Shared Libraries\redist\intel64\compiler;C:\Program Files (x86)\NetSarang\Xshell 6\;C:\windows\system32;C:\windows;C:\windows\System32\Wbem;C:\windows\System32\WindowsPowerShell\v1.0\;C:\windows\System32\OpenSSH\;C:\Program Files (x86)\NVIDIA Corporation\PhysX\Common;C:\Program Files\NVIDIA Corporation\NVIDIA NvDLISR;C:\Program Files\Git\cmd;C:\Strawberry\c\bin;C:\Strawberry\perl\site\bin;C:\Strawberry\perl\bin;C:\Program Files\Java\jre1.8.0_211\bin;C:\Program Files\dotnet\;C:\Program Files (x86)\Certbot\bin;C:\Users\19053\AppData\Local\Microsoft\WindowsApps;C:\Users\19053\AppData\Local\Programs\Fiddler;C:\Program Files\Java\jdk-12.0.1\bin;C:\Program Files (x86)\Nmap;C:\Program Files (x86)\NASM;C:\Users\19053\AppData\Local\GitHubDesktop\bin;C:\Gradle\gradle-6.0.1\bin;;C:\Users\19053\Desktop;
USERNAME=19053
OS=Windows_NT
PROCESSOR_IDENTIFIER=Intel64 Family 6 Model 158 Stepping 10, GenuineIntel



---------------  S Y S T E M  ---------------

OS: Windows 10 , 64 bit Build 18362 (10.0.18362.959)

CPU:total 12 (initial active 12) (6 cores per cpu, 2 threads per core) family 6 model 158 stepping 10, cmov, cx8, fxsr, mmx, sse, sse2, sse3, ssse3, sse4.1, sse4.2, popcnt, avx, avx2, aes, clmul, erms, 3dnowpref, lzcnt, ht, tsc, tscinvbit, bmi1, bmi2, adx, fma

Memory: 4k page, system-wide physical 24416M (8928M free)
TotalPageFile size 34656M (AvailPageFile size 5M)
current process WorkingSet (physical memory assigned to process): 145M, peak: 147M
current process commit charge ("private bytes"): 528M, peak: 530M

vm_info: Java HotSpot(TM) 64-Bit Server VM (12.0.1+12) for windows-amd64 JRE (12.0.1+12), built on Apr  2 2019 14:02:19 by "mach5one" with MS VC++ 15.5 (VS2017)

END.
